Log file open, 05/23/21 20:00:45
LogWindows: Failed to load 'aqProf.dll' (GetLastError=126)
LogWindows: File 'aqProf.dll' does not exist
LogWindows: Failed to load 'VtuneApi.dll' (GetLastError=126)
LogWindows: File 'VtuneApi.dll' does not exist
LogWindows: Failed to load 'VtuneApi32e.dll' (GetLastError=126)
LogWindows: File 'VtuneApi32e.dll' does not exist
LogConsoleResponse: Display: Failed to find resolution value strings in scalability ini. Falling back to default.
LogInit: Display: Running engine for game: ArchWalk
LogPlatformFile: Not using cached read wrapper
LogTaskGraph: Started task graph with 5 named threads and 23 total threads with 3 sets of task threads.
LogStats: Stats thread started at 0.073335
LogD3D11RHI: Loaded GFSDK_Aftermath_Lib.x64.dll
LogICUInternationalization: ICU TimeZone Detection - Raw Offset: +0:00, Platform Override: ''
LogPluginManager: Mounting plugin Paper2D
LogPluginManager: Mounting plugin AISupport
LogPluginManager: Mounting plugin LightPropagationVolume
LogPluginManager: Mounting plugin ActorLayerUtilities
LogPluginManager: Mounting plugin AnimationSharing
LogPluginManager: Mounting plugin CLionSourceCodeAccess
LogPluginManager: Mounting plugin CodeLiteSourceCodeAccess
LogPluginManager: Mounting plugin GitSourceControl
LogPluginManager: Mounting plugin KDevelopSourceCodeAccess
LogPluginManager: Mounting plugin NullSourceCodeAccess
LogPluginManager: Mounting plugin PerforceSourceControl
LogPluginManager: Mounting plugin PlasticSourceControl
LogPluginManager: Mounting plugin SubversionSourceControl
LogPluginManager: Mounting plugin UObjectPlugin
LogPluginManager: Mounting plugin VisualStudioCodeSourceCodeAccess
LogPluginManager: Mounting plugin VisualStudioSourceCodeAccess
LogPluginManager: Mounting plugin XCodeSourceCodeAccess
LogPluginManager: Mounting plugin AssetManagerEditor
LogPluginManager: Mounting plugin CryptoKeys
LogPluginManager: Mounting plugin CurveEditorTools
LogPluginManager: Mounting plugin DataValidation
LogPluginManager: Mounting plugin FacialAnimation
LogPluginManager: Mounting plugin GameplayTagsEditor
LogPluginManager: Mounting plugin MacGraphicsSwitching
LogPluginManager: Mounting plugin MaterialAnalyzer
LogPluginManager: Mounting plugin MobileLauncherProfileWizard
LogPluginManager: Mounting plugin PluginBrowser
LogPluginManager: Mounting plugin SpeedTreeImporter
LogPluginManager: Mounting plugin DatasmithContent
LogPluginManager: Mounting plugin VariantManagerContent
LogPluginManager: Mounting plugin AlembicImporter
LogPluginManager: Mounting plugin AutomationUtils
LogPluginManager: Mounting plugin BackChannel
LogPluginManager: Mounting plugin CharacterAI
LogPluginManager: Mounting plugin GeometryCache
LogPluginManager: Mounting plugin PlatformCrypto
LogPluginManager: Mounting plugin ProxyLODPlugin
LogPluginManager: Mounting plugin SkeletalReduction
LogPluginManager: Mounting plugin MagicLeap
LogPluginManager: Mounting plugin MagicLeapMedia
LogPluginManager: Mounting plugin MLSDK
LogPluginManager: Mounting plugin AndroidMedia
LogPluginManager: Mounting plugin AvfMedia
LogPluginManager: Mounting plugin ImgMedia
LogPluginManager: Mounting plugin MediaCompositing
LogPluginManager: Mounting plugin MediaPlayerEditor
LogPluginManager: Mounting plugin WebMMedia
LogPluginManager: Mounting plugin WmfMedia
LogPluginManager: Mounting plugin TcpMessaging
LogPluginManager: Mounting plugin UdpMessaging
LogPluginManager: Mounting plugin ActorSequence
LogPluginManager: Mounting plugin LevelSequenceEditor
LogPluginManager: Mounting plugin MatineeToLevelSequence
LogPluginManager: Mounting plugin NetcodeUnitTest
LogPluginManager: Mounting plugin NUTUnrealEngine4
LogPluginManager: Mounting plugin OnlineSubsystemGooglePlay
LogPluginManager: Mounting plugin OnlineSubsystemIOS
LogPluginManager: Mounting plugin OnlineSubsystem
LogPluginManager: Mounting plugin OnlineSubsystemNull
LogPluginManager: Mounting plugin OnlineSubsystemUtils
LogPluginManager: Mounting plugin LauncherChunkInstaller
LogPluginManager: Mounting plugin AndroidDeviceProfileSelector
LogPluginManager: Mounting plugin AndroidMoviePlayer
LogPluginManager: Mounting plugin AndroidPermission
LogPluginManager: Mounting plugin AppleImageUtils
LogPluginManager: Mounting plugin AppleMoviePlayer
LogPluginManager: Mounting plugin ArchVisCharacter
LogPluginManager: Mounting plugin AssetTags
LogPluginManager: Mounting plugin AudioCapture
LogPluginManager: Mounting plugin CableComponent
LogPluginManager: Mounting plugin CustomMeshComponent
LogPluginManager: Mounting plugin EditableMesh
LogPluginManager: Mounting plugin ExampleDeviceProfileSelector
LogPluginManager: Mounting plugin GoogleCloudMessaging
LogPluginManager: Mounting plugin IOSDeviceProfileSelector
LogPluginManager: Mounting plugin LinuxDeviceProfileSelector
LogPluginManager: Mounting plugin LocationServicesBPLibrary
LogPluginManager: Mounting plugin MobilePatchingUtils
LogPluginManager: Mounting plugin OculusVR
LogPluginManager: Mounting plugin PhysXVehicles
LogPluginManager: Mounting plugin PostSplashScreen
LogPluginManager: Mounting plugin ProceduralMeshComponent
LogPluginManager: Mounting plugin RuntimePhysXCooking
LogPluginManager: Mounting plugin SignificanceManager
LogPluginManager: Mounting plugin SteamVR
LogPluginManager: Mounting plugin WebMMoviePlayer
LogPluginManager: Mounting plugin WindowsMoviePlayer
LogPluginManager: Mounting plugin ScreenshotTools
LogWmfMedia: Failed to load mf.dll
LogWmfMedia: Failed to load required Windows Media Foundation libraries
LogInit: Using libcurl 7.55.1-DEV
LogInit:  - built for x86_64-pc-win32
LogInit:  - supports SSL with OpenSSL/1.1.1
LogInit:  - supports HTTP deflate (compression) using libz 1.2.8
LogInit:  - other features:
LogInit:      CURL_VERSION_SSL
LogInit:      CURL_VERSION_LIBZ
LogInit:      CURL_VERSION_IPV6
LogInit:      CURL_VERSION_ASYNCHDNS
LogInit:      CURL_VERSION_LARGEFILE
LogInit:      CURL_VERSION_IDN
LogInit:  CurlRequestOptions (configurable via config and command line):
LogInit:  - bVerifyPeer = true  - Libcurl will verify peer certificate
LogInit:  - bUseHttpProxy = false  - Libcurl will NOT use HTTP proxy
LogInit:  - bDontReuseConnections = false  - Libcurl will reuse connections
LogInit:  - MaxHostConnections = 16  - Libcurl will limit the number of connections to a host
LogInit:  - LocalHostAddr = Default
LogInit:  - BufferSize = 65536
LogOnline: OSS: Creating online subsystem instance for: NULL
LogInit: WinSock: version 1.1 (2.2), MaxSocks=32767, MaxUdp=65467
LogOnline: OSS: TryLoadSubsystemAndSetDefault: Loaded subsystem for module [NULL]
LogInit: Build: ++UE4+Release-4.24-CL-11590370
LogInit: Engine Version: 4.24.3-11590370+++UE4+Release-4.24
LogInit: Compatible Engine Version: 4.24.0-10570792+++UE4+Release-4.24
LogInit: Net CL: 10570792
LogInit: OS: Windows 10 (Release 2009) (), CPU: Intel(R) Core(TM) i7-4770 CPU @ 3.40GHz, GPU: NVIDIA GeForce GTX 1060 3GB
LogInit: Compiled (64-bit): Feb 24 2020 15:39:18
LogInit: Compiled with Visual C++: 19.16.27032.01
LogInit: Build Configuration: Development
LogInit: Branch Name: ++UE4+Release-4.24
LogInit: Command Line: 
LogInit: Base Directory: F:/UE_4.24/Engine/Binaries/Win64/
LogInit: Installed Engine Build: 1
LogDevObjectVersion: Number of dev versions registered: 25
LogDevObjectVersion:   Dev-Blueprints (B0D832E4-1F89-4F0D-ACCF-7EB736FD4AA2): 10
LogDevObjectVersion:   Dev-Build (E1C64328-A22C-4D53-A36C-8E866417BD8C): 0
LogDevObjectVersion:   Dev-Core (375EC13C-06E4-48FB-B500-84F0262A717E): 3
LogDevObjectVersion:   Dev-Editor (E4B068ED-F494-42E9-A231-DA0B2E46BB41): 37
LogDevObjectVersion:   Dev-Framework (CFFC743F-43B0-4480-9391-14DF171D2073): 36
LogDevObjectVersion:   Dev-Mobile (B02B49B5-BB20-44E9-A304-32B752E40360): 2
LogDevObjectVersion:   Dev-Networking (A4E4105C-59A1-49B5-A7C5-40C4547EDFEE): 0
LogDevObjectVersion:   Dev-Online (39C831C9-5AE6-47DC-9A44-9C173E1C8E7C): 0
LogDevObjectVersion:   Dev-Physics (78F01B33-EBEA-4F98-B9B4-84EACCB95AA2): 2
LogDevObjectVersion:   Dev-Platform (6631380F-2D4D-43E0-8009-CF276956A95A): 0
LogDevObjectVersion:   Dev-Rendering (12F88B9F-8875-4AFC-A67C-D90C383ABD29): 36
LogDevObjectVersion:   Dev-Sequencer (7B5AE74C-D270-4C10-A958-57980B212A5A): 11
LogDevObjectVersion:   Dev-VR (D7296918-1DD6-4BDD-9DE2-64A83CC13884): 2
LogDevObjectVersion:   Dev-LoadTimes (C2A15278-BFE7-4AFE-6C17-90FF531DF755): 1
LogDevObjectVersion:   Private-Geometry (6EACA3D4-40EC-4CC1-B786-8BED09428FC5): 3
LogDevObjectVersion:   Dev-AnimPhys (29E575DD-E0A3-4627-9D10-D276232CDCEA): 17
LogDevObjectVersion:   Dev-Anim (AF43A65D-7FD3-4947-9873-3E8ED9C1BB05): 2
LogDevObjectVersion:   Dev-ReflectionCapture (6B266CEC-1EC7-4B8F-A30B-E4D90942FC07): 1
LogDevObjectVersion:   Dev-Automation (0DF73D61-A23F-47EA-B727-89E90C41499A): 1
LogDevObjectVersion:   FortniteMain (601D1886-AC64-4F84-AA16-D3DE0DEAC7D6): 31
LogDevObjectVersion:   Dev-Enterprise (9DFFBCD6-494F-0158-E221-12823C92A888): 8
LogDevObjectVersion:   Dev-Niagara (F2AED0AC-9AFE-416F-8664-AA7FFA26D6FC): 1
LogDevObjectVersion:   Dev-Destruction (174F1F0B-B4C6-45A5-B13F-2EE8D0FB917D): 9
LogDevObjectVersion:   Dev-Physics-Ext (35F94A83-E258-406C-A318-09F59610247C): 8
LogDevObjectVersion:   Dev-CineCamera (B2E18506-4273-CFC2-A54E-F4BB758BBA07): 1
LogInit: Presizing for max 25165824 objects, including 0 objects not considered by GC, pre-allocating 0 bytes for permanent pool.
LogInit: Object subsystem initialized
LogConfig: Setting CVar [[con.DebugEarlyDefault:1]]
LogConfig: Setting CVar [[r.setres:1280x720]]
[2021.05.23-19.00.45:530][  0]LogConfig: Setting CVar [[r.VSync:0]]
[2021.05.23-19.00.45:530][  0]LogConfig: Setting CVar [[r.RHICmdBypass:0]]
[2021.05.23-19.00.45:530][  0]LogConfig: Applying CVar settings from Section [/Script/Engine.RendererSettings] File [F:/_UEVR/UEVRSystem/ArchWalk/Saved/Config/Windows/Engine.ini]
[2021.05.23-19.00.45:530][  0]LogConfig: Setting CVar [[r.GPUCrashDebugging:0]]
[2021.05.23-19.00.45:530][  0]LogConfig: Applying CVar settings from Section [/Script/Engine.RendererOverrideSettings] File [F:/_UEVR/UEVRSystem/ArchWalk/Saved/Config/Windows/Engine.ini]
[2021.05.23-19.00.45:530][  0]LogConfig: Applying CVar settings from Section [/Script/Engine.StreamingSettings] File [F:/_UEVR/UEVRSystem/ArchWalk/Saved/Config/Windows/Engine.ini]
[2021.05.23-19.00.45:530][  0]LogConfig: Setting CVar [[s.MinBulkDataSizeForAsyncLoading:131072]]
[2021.05.23-19.00.45:530][  0]LogConfig: Setting CVar [[s.AsyncLoadingThreadEnabled:0]]
[2021.05.23-19.00.45:530][  0]LogConfig: Setting CVar [[s.EventDrivenLoaderEnabled:1]]
[2021.05.23-19.00.45:530][  0]LogConfig: Setting CVar [[s.WarnIfTimeLimitExceeded:0]]
[2021.05.23-19.00.45:530][  0]LogConfig: Setting CVar [[s.TimeLimitExceededMultiplier:1.5]]
[2021.05.23-19.00.45:530][  0]LogConfig: Setting CVar [[s.TimeLimitExceededMinTime:0.005]]
[2021.05.23-19.00.45:530][  0]LogConfig: Setting CVar [[s.UseBackgroundLevelStreaming:1]]
[2021.05.23-19.00.45:530][  0]LogConfig: Setting CVar [[s.PriorityAsyncLoadingExtraTime:15.0]]
[2021.05.23-19.00.45:530][  0]LogConfig: Setting CVar [[s.LevelStreamingActorsUpdateTimeLimit:5.0]]
[2021.05.23-19.00.45:530][  0]LogConfig: Setting CVar [[s.PriorityLevelStreamingActorsUpdateExtraTime:5.0]]
[2021.05.23-19.00.45:530][  0]LogConfig: Setting CVar [[s.LevelStreamingComponentsRegistrationGranularity:10]]
[2021.05.23-19.00.45:530][  0]LogConfig: Setting CVar [[s.UnregisterComponentsTimeLimit:1.0]]
[2021.05.23-19.00.45:530][  0]LogConfig: Setting CVar [[s.LevelStreamingComponentsUnregistrationGranularity:5]]
[2021.05.23-19.00.45:530][  0]LogConfig: Setting CVar [[s.FlushStreamingOnExit:1]]
[2021.05.23-19.00.45:530][  0]LogConfig: Applying CVar settings from Section [/Script/Engine.GarbageCollectionSettings] File [F:/_UEVR/UEVRSystem/ArchWalk/Saved/Config/Windows/Engine.ini]
[2021.05.23-19.00.45:530][  0]LogConfig: Setting CVar [[gc.MaxObjectsNotConsideredByGC:1]]
[2021.05.23-19.00.45:530][  0]LogConfig: Setting CVar [[gc.SizeOfPermanentObjectPool:0]]
[2021.05.23-19.00.45:530][  0]LogConfig: Setting CVar [[gc.FlushStreamingOnGC:0]]
[2021.05.23-19.00.45:530][  0]LogConfig: Setting CVar [[gc.NumRetriesBeforeForcingGC:10]]
[2021.05.23-19.00.45:530][  0]LogConfig: Setting CVar [[gc.AllowParallelGC:1]]
[2021.05.23-19.00.45:530][  0]LogConfig: Setting CVar [[gc.TimeBetweenPurgingPendingKillObjects:61.1]]
[2021.05.23-19.00.45:530][  0]LogConfig: Setting CVar [[gc.MaxObjectsInEditor:25165824]]
[2021.05.23-19.00.45:530][  0]LogConfig: Setting CVar [[gc.IncrementalBeginDestroyEnabled:1]]
[2021.05.23-19.00.45:530][  0]LogConfig: Setting CVar [[gc.CreateGCClusters:1]]
[2021.05.23-19.00.45:530][  0]LogConfig: Setting CVar [[gc.MinGCClusterSize:5]]
[2021.05.23-19.00.45:530][  0]LogConfig: Setting CVar [[gc.ActorClusteringEnabled:0]]
[2021.05.23-19.00.45:530][  0]LogConfig: Setting CVar [[gc.BlueprintClusteringEnabled:0]]
[2021.05.23-19.00.45:530][  0]LogConfig: Setting CVar [[gc.UseDisregardForGCOnDedicatedServers:0]]
[2021.05.23-19.00.45:530][  0]LogConfig: Applying CVar settings from Section [/Script/Engine.NetworkSettings] File [F:/_UEVR/UEVRSystem/ArchWalk/Saved/Config/Windows/Engine.ini]
[2021.05.23-19.00.45:530][  0]LogConfig: Applying CVar settings from Section [/Script/UnrealEd.CookerSettings] File [F:/_UEVR/UEVRSystem/ArchWalk/Saved/Config/Windows/Engine.ini]
[2021.05.23-19.00.45:533][  0]LogConfig: Applying CVar settings from Section [ViewDistanceQuality@3] File [F:/_UEVR/UEVRSystem/ArchWalk/Saved/Config/Windows/Scalability.ini]
[2021.05.23-19.00.45:533][  0]LogConfig: Setting CVar [[r.SkeletalMeshLODBias:0]]
[2021.05.23-19.00.45:533][  0]LogConfig: Setting CVar [[r.ViewDistanceScale:1.0]]
[2021.05.23-19.00.45:533][  0]LogConfig: Applying CVar settings from Section [AntiAliasingQuality@3] File [F:/_UEVR/UEVRSystem/ArchWalk/Saved/Config/Windows/Scalability.ini]
[2021.05.23-19.00.45:533][  0]LogConfig: Setting CVar [[r.PostProcessAAQuality:4]]
[2021.05.23-19.00.45:533][  0]LogConfig: Applying CVar settings from Section [ShadowQuality@3] File [F:/_UEVR/UEVRSystem/ArchWalk/Saved/Config/Windows/Scalability.ini]
[2021.05.23-19.00.45:533][  0]LogConfig: Setting CVar [[r.LightFunctionQuality:1]]
[2021.05.23-19.00.45:533][  0]LogConfig: Setting CVar [[r.ShadowQuality:5]]
[2021.05.23-19.00.45:533][  0]LogConfig: Setting CVar [[r.Shadow.CSM.MaxCascades:10]]
[2021.05.23-19.00.45:533][  0]LogConfig: Setting CVar [[r.Shadow.MaxResolution:2048]]
[2021.05.23-19.00.45:533][  0]LogConfig: Setting CVar [[r.Shadow.MaxCSMResolution:2048]]
[2021.05.23-19.00.45:533][  0]LogConfig: Setting CVar [[r.Shadow.RadiusThreshold:0.01]]
[2021.05.23-19.00.45:533][  0]LogConfig: Setting CVar [[r.Shadow.DistanceScale:1.0]]
[2021.05.23-19.00.45:533][  0]LogConfig: Setting CVar [[r.Shadow.CSM.TransitionScale:1.0]]
[2021.05.23-19.00.45:533][  0]LogConfig: Setting CVar [[r.Shadow.PreShadowResolutionFactor:1.0]]
[2021.05.23-19.00.45:533][  0]LogConfig: Setting CVar [[r.DistanceFieldShadowing:1]]
[2021.05.23-19.00.45:533][  0]LogConfig: Setting CVar [[r.DistanceFieldAO:1]]
[2021.05.23-19.00.45:533][  0]LogConfig: Setting CVar [[r.AOQuality:2]]
[2021.05.23-19.00.45:533][  0]LogConfig: Setting CVar [[r.VolumetricFog:1]]
[2021.05.23-19.00.45:533][  0]LogConfig: Setting CVar [[r.VolumetricFog.GridPixelSize:8]]
[2021.05.23-19.00.45:533][  0]LogConfig: Setting CVar [[r.VolumetricFog.GridSizeZ:128]]
[2021.05.23-19.00.45:533][  0]LogConfig: Setting CVar [[r.VolumetricFog.HistoryMissSupersampleCount:4]]
[2021.05.23-19.00.45:533][  0]LogConfig: Setting CVar [[r.LightMaxDrawDistanceScale:1]]
[2021.05.23-19.00.45:533][  0]LogConfig: Setting CVar [[r.CapsuleShadows:1]]
[2021.05.23-19.00.45:533][  0]LogConfig: Applying CVar settings from Section [PostProcessQuality@3] File [F:/_UEVR/UEVRSystem/ArchWalk/Saved/Config/Windows/Scalability.ini]
[2021.05.23-19.00.45:533][  0]LogConfig: Setting CVar [[r.MotionBlurQuality:4]]
[2021.05.23-19.00.45:533][  0]LogConfig: Setting CVar [[r.AmbientOcclusionMipLevelFactor:0.4]]
[2021.05.23-19.00.45:533][  0]LogConfig: Setting CVar [[r.AmbientOcclusionMaxQuality:100]]
[2021.05.23-19.00.45:533][  0]LogConfig: Setting CVar [[r.AmbientOcclusionLevels:-1]]
[2021.05.23-19.00.45:533][  0]LogConfig: Setting CVar [[r.AmbientOcclusionRadiusScale:1.0]]
[2021.05.23-19.00.45:533][  0]LogConfig: Setting CVar [[r.DepthOfFieldQuality:2]]
[2021.05.23-19.00.45:533][  0]LogConfig: Setting CVar [[r.RenderTargetPoolMin:400]]
[2021.05.23-19.00.45:533][  0]LogConfig: Setting CVar [[r.LensFlareQuality:2]]
[2021.05.23-19.00.45:533][  0]LogConfig: Setting CVar [[r.SceneColorFringeQuality:1]]
[2021.05.23-19.00.45:533][  0]LogConfig: Setting CVar [[r.EyeAdaptationQuality:2]]
[2021.05.23-19.00.45:533][  0]LogConfig: Setting CVar [[r.BloomQuality:5]]
[2021.05.23-19.00.45:533][  0]LogConfig: Setting CVar [[r.FastBlurThreshold:100]]
[2021.05.23-19.00.45:533][  0]LogConfig: Setting CVar [[r.Upscale.Quality:3]]
[2021.05.23-19.00.45:533][  0]LogConfig: Setting CVar [[r.Tonemapper.GrainQuantization:1]]
[2021.05.23-19.00.45:533][  0]LogConfig: Setting CVar [[r.LightShaftQuality:1]]
[2021.05.23-19.00.45:533][  0]LogConfig: Setting CVar [[r.Filter.SizeScale:1]]
[2021.05.23-19.00.45:533][  0]LogConfig: Setting CVar [[r.Tonemapper.Quality:5]]
[2021.05.23-19.00.45:533][  0]LogConfig: Setting CVar [[r.DOF.Gather.AccumulatorQuality:1        ; higher gathering accumulator quality]]
[2021.05.23-19.00.45:533][  0]LogConfig: Setting CVar [[r.DOF.Gather.PostfilterMethod:1          ; Median3x3 postfilering method]]
[2021.05.23-19.00.45:533][  0]LogConfig: Setting CVar [[r.DOF.Gather.EnableBokehSettings:0       ; no bokeh simulation when gathering]]
[2021.05.23-19.00.45:533][  0]LogConfig: Setting CVar [[r.DOF.Gather.RingCount:4                 ; medium number of samples when gathering]]
[2021.05.23-19.00.45:533][  0]LogConfig: Setting CVar [[r.DOF.Scatter.ForegroundCompositing:1    ; additive foreground scattering]]
[2021.05.23-19.00.45:533][  0]LogConfig: Setting CVar [[r.DOF.Scatter.BackgroundCompositing:2    ; additive background scattering]]
[2021.05.23-19.00.45:533][  0]LogConfig: Setting CVar [[r.DOF.Scatter.EnableBokehSettings:1      ; bokeh simulation when scattering]]
[2021.05.23-19.00.45:533][  0]LogConfig: Setting CVar [[r.DOF.Scatter.MaxSpriteRatio:0.1         ; only a maximum of 10% of scattered bokeh]]
[2021.05.23-19.00.45:533][  0]LogConfig: Setting CVar [[r.DOF.Recombine.Quality:1                ; cheap slight out of focus]]
[2021.05.23-19.00.45:533][  0]LogConfig: Setting CVar [[r.DOF.Recombine.EnableBokehSettings:0    ; no bokeh simulation on slight out of focus]]
[2021.05.23-19.00.45:533][  0]LogConfig: Setting CVar [[r.DOF.TemporalAAQuality:1                ; more stable temporal accumulation]]
[2021.05.23-19.00.45:533][  0]LogConfig: Setting CVar [[r.DOF.Kernel.MaxForegroundRadius:0.025]]
[2021.05.23-19.00.45:533][  0]LogConfig: Setting CVar [[r.DOF.Kernel.MaxBackgroundRadius:0.025]]
[2021.05.23-19.00.45:533][  0]LogConfig: Applying CVar settings from Section [TextureQuality@3] File [F:/_UEVR/UEVRSystem/ArchWalk/Saved/Config/Windows/Scalability.ini]
[2021.05.23-19.00.45:533][  0]LogConfig: Setting CVar [[r.Streaming.MipBias:0]]
[2021.05.23-19.00.45:533][  0]LogConfig: Setting CVar [[r.Streaming.AmortizeCPUToGPUCopy:0]]
[2021.05.23-19.00.45:533][  0]LogConfig: Setting CVar [[r.Streaming.MaxNumTexturesToStreamPerFrame:0]]
[2021.05.23-19.00.45:533][  0]LogConfig: Setting CVar [[r.Streaming.Boost:1]]
[2021.05.23-19.00.45:533][  0]LogConfig: Setting CVar [[r.MaxAnisotropy:8]]
[2021.05.23-19.00.45:533][  0]LogConfig: Setting CVar [[r.VT.MaxAnisotropy:8]]
[2021.05.23-19.00.45:533][  0]LogConfig: Setting CVar [[r.Streaming.LimitPoolSizeToVRAM:0]]
[2021.05.23-19.00.45:533][  0]LogConfig: Setting CVar [[r.Streaming.PoolSize:1000]]
[2021.05.23-19.00.45:533][  0]LogConfig: Setting CVar [[r.Streaming.MaxEffectiveScreenSize:0]]
[2021.05.23-19.00.45:533][  0]LogConfig: Applying CVar settings from Section [EffectsQuality@3] File [F:/_UEVR/UEVRSystem/ArchWalk/Saved/Config/Windows/Scalability.ini]
[2021.05.23-19.00.45:533][  0]LogConfig: Setting CVar [[r.TranslucencyLightingVolumeDim:64]]
[2021.05.23-19.00.45:533][  0]LogConfig: Setting CVar [[r.RefractionQuality:2]]
[2021.05.23-19.00.45:533][  0]LogConfig: Setting CVar [[r.SSR.Quality:3]]
[2021.05.23-19.00.45:533][  0]LogConfig: Setting CVar [[r.SSR.HalfResSceneColor:0]]
[2021.05.23-19.00.45:534][  0]LogConfig: Setting CVar [[r.SceneColorFormat:4]]
[2021.05.23-19.00.45:534][  0]LogConfig: Setting CVar [[r.DetailMode:2]]
[2021.05.23-19.00.45:534][  0]LogConfig: Setting CVar [[r.TranslucencyVolumeBlur:1]]
[2021.05.23-19.00.45:534][  0]LogConfig: Setting CVar [[r.MaterialQualityLevel:1 ; High quality]]
[2021.05.23-19.00.45:534][  0]LogConfig: Setting CVar [[r.SSS.Scale:1]]
[2021.05.23-19.00.45:534][  0]LogConfig: Setting CVar [[r.SSS.SampleSet:2]]
[2021.05.23-19.00.45:534][  0]LogConfig: Setting CVar [[r.SSS.Quality:1]]
[2021.05.23-19.00.45:534][  0]LogConfig: Setting CVar [[r.SSS.HalfRes:1]]
[2021.05.23-19.00.45:534][  0]LogConfig: Setting CVar [[r.SSGI.Quality:3]]
[2021.05.23-19.00.45:534][  0]LogConfig: Setting CVar [[r.EmitterSpawnRateScale:1.0]]
[2021.05.23-19.00.45:534][  0]LogConfig: Setting CVar [[r.ParticleLightQuality:2]]
[2021.05.23-19.00.45:534][  0]LogConfig: Setting CVar [[r.SkyAtmosphere.AerialPerspectiveLUT.FastApplyOnOpaque:1 ; Always have FastSkyLUT 1 in this case to avoid wrong sky]]
[2021.05.23-19.00.45:534][  0]LogConfig: Setting CVar [[r.SkyAtmosphere.AerialPerspectiveLUT.SampleCountPerSlice:1]]
[2021.05.23-19.00.45:534][  0]LogConfig: Setting CVar [[r.SkyAtmosphere.AerialPerspectiveLUT.DepthResolution:16.0]]
[2021.05.23-19.00.45:534][  0]LogConfig: Setting CVar [[r.SkyAtmosphere.FastSkyLUT:1]]
[2021.05.23-19.00.45:534][  0]LogConfig: Setting CVar [[r.SkyAtmosphere.FastSkyLUT.SampleCountMin:4.0]]
[2021.05.23-19.00.45:534][  0]LogConfig: Setting CVar [[r.SkyAtmosphere.FastSkyLUT.SampleCountMax:32.0]]
[2021.05.23-19.00.45:534][  0]LogConfig: Setting CVar [[r.SkyAtmosphere.SampleCountMin:4.0]]
[2021.05.23-19.00.45:534][  0]LogConfig: Setting CVar [[r.SkyAtmosphere.SampleCountMax:32.0]]
[2021.05.23-19.00.45:534][  0]LogConfig: Setting CVar [[r.SkyAtmosphere.TransmittanceLUT.UseSmallFormat:0]]
[2021.05.23-19.00.45:534][  0]LogConfig: Setting CVar [[r.SkyAtmosphere.TransmittanceLUT.SampleCount:10.0]]
[2021.05.23-19.00.45:534][  0]LogConfig: Setting CVar [[r.SkyAtmosphere.MultiScatteringLUT.SampleCount:15.0]]
[2021.05.23-19.00.45:534][  0]LogConfig: Applying CVar settings from Section [FoliageQuality@3] File [F:/_UEVR/UEVRSystem/ArchWalk/Saved/Config/Windows/Scalability.ini]
[2021.05.23-19.00.45:534][  0]LogConfig: Setting CVar [[foliage.DensityScale:1.0]]
[2021.05.23-19.00.45:534][  0]LogConfig: Setting CVar [[grass.DensityScale:1.0]]
[2021.05.23-19.00.45:534][  0]LogConfig: Applying CVar settings from Section [ShadingQuality@3] File [F:/_UEVR/UEVRSystem/ArchWalk/Saved/Config/Windows/Scalability.ini]
[2021.05.23-19.00.45:534][  0]LogConfig: Setting CVar [[r.HairStrands.SkyLighting.SampleCount:16]]
[2021.05.23-19.00.45:534][  0]LogConfig: Setting CVar [[r.HairStrands.SkyLighting.JitterIntegration:0]]
[2021.05.23-19.00.45:534][  0]LogConfig: Setting CVar [[r.HairStrands.SkyAO.SampleCount:16]]
[2021.05.23-19.00.45:534][  0]LogInit: Selected Device Profile: [Windows]
[2021.05.23-19.00.45:534][  0]LogInit: Applying CVar settings loaded from the selected device profile: [Windows]
[2021.05.23-19.00.45:538][  0]LogHAL: Display: Platform has ~ 12 GB [12824317952 / 17179869184 / 12], which maps to Larger [LargestMinGB=32, LargerMinGB=12, DefaultMinGB=8, SmallerMinGB=6, SmallestMinGB=0)
[2021.05.23-19.00.45:538][  0]LogInit: Going up to parent DeviceProfile []
[2021.05.23-19.00.45:538][  0]LogConfig: Applying CVar settings from Section [ViewDistanceQuality@3] File [F:/_UEVR/UEVRSystem/ArchWalk/Saved/Config/Windows/Scalability.ini]
[2021.05.23-19.00.45:538][  0]LogConfig: Setting CVar [[r.SkeletalMeshLODBias:0]]
[2021.05.23-19.00.45:538][  0]LogConfig: Setting CVar [[r.ViewDistanceScale:1.0]]
[2021.05.23-19.00.45:538][  0]LogConfig: Applying CVar settings from Section [AntiAliasingQuality@3] File [F:/_UEVR/UEVRSystem/ArchWalk/Saved/Config/Windows/Scalability.ini]
[2021.05.23-19.00.45:538][  0]LogConfig: Setting CVar [[r.PostProcessAAQuality:4]]
[2021.05.23-19.00.45:538][  0]LogConfig: Applying CVar settings from Section [ShadowQuality@3] File [F:/_UEVR/UEVRSystem/ArchWalk/Saved/Config/Windows/Scalability.ini]
[2021.05.23-19.00.45:538][  0]LogConfig: Setting CVar [[r.LightFunctionQuality:1]]
[2021.05.23-19.00.45:538][  0]LogConfig: Setting CVar [[r.ShadowQuality:5]]
[2021.05.23-19.00.45:538][  0]LogConfig: Setting CVar [[r.Shadow.CSM.MaxCascades:10]]
[2021.05.23-19.00.45:538][  0]LogConfig: Setting CVar [[r.Shadow.MaxResolution:2048]]
[2021.05.23-19.00.45:538][  0]LogConfig: Setting CVar [[r.Shadow.MaxCSMResolution:2048]]
[2021.05.23-19.00.45:538][  0]LogConfig: Setting CVar [[r.Shadow.RadiusThreshold:0.01]]
[2021.05.23-19.00.45:538][  0]LogConfig: Setting CVar [[r.Shadow.DistanceScale:1.0]]
[2021.05.23-19.00.45:538][  0]LogConfig: Setting CVar [[r.Shadow.CSM.TransitionScale:1.0]]
[2021.05.23-19.00.45:538][  0]LogConfig: Setting CVar [[r.Shadow.PreShadowResolutionFactor:1.0]]
[2021.05.23-19.00.45:538][  0]LogConfig: Setting CVar [[r.DistanceFieldShadowing:1]]
[2021.05.23-19.00.45:538][  0]LogConfig: Setting CVar [[r.DistanceFieldAO:1]]
[2021.05.23-19.00.45:538][  0]LogConfig: Setting CVar [[r.AOQuality:2]]
[2021.05.23-19.00.45:538][  0]LogConfig: Setting CVar [[r.VolumetricFog:1]]
[2021.05.23-19.00.45:538][  0]LogConfig: Setting CVar [[r.VolumetricFog.GridPixelSize:8]]
[2021.05.23-19.00.45:538][  0]LogConfig: Setting CVar [[r.VolumetricFog.GridSizeZ:128]]
[2021.05.23-19.00.45:538][  0]LogConfig: Setting CVar [[r.VolumetricFog.HistoryMissSupersampleCount:4]]
[2021.05.23-19.00.45:538][  0]LogConfig: Setting CVar [[r.LightMaxDrawDistanceScale:1]]
[2021.05.23-19.00.45:538][  0]LogConfig: Setting CVar [[r.CapsuleShadows:1]]
[2021.05.23-19.00.45:538][  0]LogConfig: Applying CVar settings from Section [PostProcessQuality@3] File [F:/_UEVR/UEVRSystem/ArchWalk/Saved/Config/Windows/Scalability.ini]
[2021.05.23-19.00.45:538][  0]LogConfig: Setting CVar [[r.MotionBlurQuality:4]]
[2021.05.23-19.00.45:538][  0]LogConfig: Setting CVar [[r.AmbientOcclusionMipLevelFactor:0.4]]
[2021.05.23-19.00.45:538][  0]LogConfig: Setting CVar [[r.AmbientOcclusionMaxQuality:100]]
[2021.05.23-19.00.45:538][  0]LogConfig: Setting CVar [[r.AmbientOcclusionLevels:-1]]
[2021.05.23-19.00.45:538][  0]LogConfig: Setting CVar [[r.AmbientOcclusionRadiusScale:1.0]]
[2021.05.23-19.00.45:538][  0]LogConfig: Setting CVar [[r.DepthOfFieldQuality:2]]
[2021.05.23-19.00.45:538][  0]LogConfig: Setting CVar [[r.RenderTargetPoolMin:400]]
[2021.05.23-19.00.45:538][  0]LogConfig: Setting CVar [[r.LensFlareQuality:2]]
[2021.05.23-19.00.45:538][  0]LogConfig: Setting CVar [[r.SceneColorFringeQuality:1]]
[2021.05.23-19.00.45:538][  0]LogConfig: Setting CVar [[r.EyeAdaptationQuality:2]]
[2021.05.23-19.00.45:538][  0]LogConfig: Setting CVar [[r.BloomQuality:5]]
[2021.05.23-19.00.45:538][  0]LogConfig: Setting CVar [[r.FastBlurThreshold:100]]
[2021.05.23-19.00.45:538][  0]LogConfig: Setting CVar [[r.Upscale.Quality:3]]
[2021.05.23-19.00.45:538][  0]LogConfig: Setting CVar [[r.Tonemapper.GrainQuantization:1]]
[2021.05.23-19.00.45:538][  0]LogConfig: Setting CVar [[r.LightShaftQuality:1]]
[2021.05.23-19.00.45:538][  0]LogConfig: Setting CVar [[r.Filter.SizeScale:1]]
[2021.05.23-19.00.45:538][  0]LogConfig: Setting CVar [[r.Tonemapper.Quality:5]]
[2021.05.23-19.00.45:538][  0]LogConfig: Setting CVar [[r.DOF.Gather.AccumulatorQuality:1        ; higher gathering accumulator quality]]
[2021.05.23-19.00.45:538][  0]LogConfig: Setting CVar [[r.DOF.Gather.PostfilterMethod:1          ; Median3x3 postfilering method]]
[2021.05.23-19.00.45:538][  0]LogConfig: Setting CVar [[r.DOF.Gather.EnableBokehSettings:0       ; no bokeh simulation when gathering]]
[2021.05.23-19.00.45:538][  0]LogConfig: Setting CVar [[r.DOF.Gather.RingCount:4                 ; medium number of samples when gathering]]
[2021.05.23-19.00.45:538][  0]LogConfig: Setting CVar [[r.DOF.Scatter.ForegroundCompositing:1    ; additive foreground scattering]]
[2021.05.23-19.00.45:538][  0]LogConfig: Setting CVar [[r.DOF.Scatter.BackgroundCompositing:2    ; additive background scattering]]
[2021.05.23-19.00.45:538][  0]LogConfig: Setting CVar [[r.DOF.Scatter.EnableBokehSettings:1      ; bokeh simulation when scattering]]
[2021.05.23-19.00.45:538][  0]LogConfig: Setting CVar [[r.DOF.Scatter.MaxSpriteRatio:0.1         ; only a maximum of 10% of scattered bokeh]]
[2021.05.23-19.00.45:538][  0]LogConfig: Setting CVar [[r.DOF.Recombine.Quality:1                ; cheap slight out of focus]]
[2021.05.23-19.00.45:538][  0]LogConfig: Setting CVar [[r.DOF.Recombine.EnableBokehSettings:0    ; no bokeh simulation on slight out of focus]]
[2021.05.23-19.00.45:538][  0]LogConfig: Setting CVar [[r.DOF.TemporalAAQuality:1                ; more stable temporal accumulation]]
[2021.05.23-19.00.45:538][  0]LogConfig: Setting CVar [[r.DOF.Kernel.MaxForegroundRadius:0.025]]
[2021.05.23-19.00.45:538][  0]LogConfig: Setting CVar [[r.DOF.Kernel.MaxBackgroundRadius:0.025]]
[2021.05.23-19.00.45:538][  0]LogConfig: Applying CVar settings from Section [TextureQuality@3] File [F:/_UEVR/UEVRSystem/ArchWalk/Saved/Config/Windows/Scalability.ini]
[2021.05.23-19.00.45:538][  0]LogConfig: Setting CVar [[r.Streaming.MipBias:0]]
[2021.05.23-19.00.45:538][  0]LogConfig: Setting CVar [[r.Streaming.AmortizeCPUToGPUCopy:0]]
[2021.05.23-19.00.45:538][  0]LogConfig: Setting CVar [[r.Streaming.MaxNumTexturesToStreamPerFrame:0]]
[2021.05.23-19.00.45:538][  0]LogConfig: Setting CVar [[r.Streaming.Boost:1]]
[2021.05.23-19.00.45:538][  0]LogConfig: Setting CVar [[r.MaxAnisotropy:8]]
[2021.05.23-19.00.45:538][  0]LogConfig: Setting CVar [[r.VT.MaxAnisotropy:8]]
[2021.05.23-19.00.45:538][  0]LogConfig: Setting CVar [[r.Streaming.LimitPoolSizeToVRAM:0]]
[2021.05.23-19.00.45:538][  0]LogConfig: Setting CVar [[r.Streaming.PoolSize:1000]]
[2021.05.23-19.00.45:538][  0]LogConfig: Setting CVar [[r.Streaming.MaxEffectiveScreenSize:0]]
[2021.05.23-19.00.45:538][  0]LogConfig: Applying CVar settings from Section [EffectsQuality@3] File [F:/_UEVR/UEVRSystem/ArchWalk/Saved/Config/Windows/Scalability.ini]
[2021.05.23-19.00.45:538][  0]LogConfig: Setting CVar [[r.TranslucencyLightingVolumeDim:64]]
[2021.05.23-19.00.45:538][  0]LogConfig: Setting CVar [[r.RefractionQuality:2]]
[2021.05.23-19.00.45:538][  0]LogConfig: Setting CVar [[r.SSR.Quality:3]]
[2021.05.23-19.00.45:538][  0]LogConfig: Setting CVar [[r.SSR.HalfResSceneColor:0]]
[2021.05.23-19.00.45:538][  0]LogConfig: Setting CVar [[r.SceneColorFormat:4]]
[2021.05.23-19.00.45:538][  0]LogConfig: Setting CVar [[r.DetailMode:2]]
[2021.05.23-19.00.45:538][  0]LogConfig: Setting CVar [[r.TranslucencyVolumeBlur:1]]
[2021.05.23-19.00.45:538][  0]LogConfig: Setting CVar [[r.MaterialQualityLevel:1 ; High quality]]
[2021.05.23-19.00.45:538][  0]LogConfig: Setting CVar [[r.SSS.Scale:1]]
[2021.05.23-19.00.45:538][  0]LogConfig: Setting CVar [[r.SSS.SampleSet:2]]
[2021.05.23-19.00.45:539][  0]LogConfig: Setting CVar [[r.SSS.Quality:1]]
[2021.05.23-19.00.45:539][  0]LogConfig: Setting CVar [[r.SSS.HalfRes:1]]
[2021.05.23-19.00.45:539][  0]LogConfig: Setting CVar [[r.SSGI.Quality:3]]
[2021.05.23-19.00.45:539][  0]LogConfig: Setting CVar [[r.EmitterSpawnRateScale:1.0]]
[2021.05.23-19.00.45:539][  0]LogConfig: Setting CVar [[r.ParticleLightQuality:2]]
[2021.05.23-19.00.45:539][  0]LogConfig: Setting CVar [[r.SkyAtmosphere.AerialPerspectiveLUT.FastApplyOnOpaque:1 ; Always have FastSkyLUT 1 in this case to avoid wrong sky]]
[2021.05.23-19.00.45:539][  0]LogConfig: Setting CVar [[r.SkyAtmosphere.AerialPerspectiveLUT.SampleCountPerSlice:1]]
[2021.05.23-19.00.45:539][  0]LogConfig: Setting CVar [[r.SkyAtmosphere.AerialPerspectiveLUT.DepthResolution:16.0]]
[2021.05.23-19.00.45:539][  0]LogConfig: Setting CVar [[r.SkyAtmosphere.FastSkyLUT:1]]
[2021.05.23-19.00.45:539][  0]LogConfig: Setting CVar [[r.SkyAtmosphere.FastSkyLUT.SampleCountMin:4.0]]
[2021.05.23-19.00.45:539][  0]LogConfig: Setting CVar [[r.SkyAtmosphere.FastSkyLUT.SampleCountMax:32.0]]
[2021.05.23-19.00.45:539][  0]LogConfig: Setting CVar [[r.SkyAtmosphere.SampleCountMin:4.0]]
[2021.05.23-19.00.45:539][  0]LogConfig: Setting CVar [[r.SkyAtmosphere.SampleCountMax:32.0]]
[2021.05.23-19.00.45:539][  0]LogConfig: Setting CVar [[r.SkyAtmosphere.TransmittanceLUT.UseSmallFormat:0]]
[2021.05.23-19.00.45:539][  0]LogConfig: Setting CVar [[r.SkyAtmosphere.TransmittanceLUT.SampleCount:10.0]]
[2021.05.23-19.00.45:539][  0]LogConfig: Setting CVar [[r.SkyAtmosphere.MultiScatteringLUT.SampleCount:15.0]]
[2021.05.23-19.00.45:539][  0]LogConfig: Applying CVar settings from Section [FoliageQuality@3] File [F:/_UEVR/UEVRSystem/ArchWalk/Saved/Config/Windows/Scalability.ini]
[2021.05.23-19.00.45:539][  0]LogConfig: Setting CVar [[foliage.DensityScale:1.0]]
[2021.05.23-19.00.45:539][  0]LogConfig: Setting CVar [[grass.DensityScale:1.0]]
[2021.05.23-19.00.45:539][  0]LogConfig: Applying CVar settings from Section [ShadingQuality@3] File [F:/_UEVR/UEVRSystem/ArchWalk/Saved/Config/Windows/Scalability.ini]
[2021.05.23-19.00.45:539][  0]LogConfig: Setting CVar [[r.HairStrands.SkyLighting.SampleCount:16]]
[2021.05.23-19.00.45:539][  0]LogConfig: Setting CVar [[r.HairStrands.SkyLighting.JitterIntegration:0]]
[2021.05.23-19.00.45:539][  0]LogConfig: Setting CVar [[r.HairStrands.SkyAO.SampleCount:16]]
[2021.05.23-19.00.45:539][  0]LogConfig: Applying CVar settings from Section [Startup] File [../../../Engine/Config/ConsoleVariables.ini]
[2021.05.23-19.00.45:539][  0]LogConfig: Setting CVar [[net.UseAdaptiveNetUpdateFrequency:0]]
[2021.05.23-19.00.45:539][  0]LogConfig: Setting CVar [[p.chaos.AllowCreatePhysxBodies:1]]
[2021.05.23-19.00.45:539][  0]LogConfig: Applying CVar settings from Section [ConsoleVariables] File [F:/_UEVR/UEVRSystem/ArchWalk/Saved/Config/Windows/Engine.ini]
[2021.05.23-19.00.45:539][  0]LogInit: Computer: DESKTOP-RI6DBER
[2021.05.23-19.00.45:539][  0]LogInit: User: vmont
[2021.05.23-19.00.45:539][  0]LogInit: CPU Page size=4096, Cores=4
[2021.05.23-19.00.45:539][  0]LogInit: High frequency timer resolution =10.000000 MHz
[2021.05.23-19.00.45:539][  0]LogMemory: Memory total: Physical=11.9GB (12GB approx)
[2021.05.23-19.00.45:539][  0]LogMemory: Platform Memory Stats for Windows
[2021.05.23-19.00.45:539][  0]LogMemory: Process Physical Memory: 105.31 MB used, 105.31 MB peak
[2021.05.23-19.00.45:540][  0]LogMemory: Process Virtual Memory: 100.38 MB used, 100.38 MB peak
[2021.05.23-19.00.45:540][  0]LogMemory: Physical Memory: 7609.07 MB used,  4621.16 MB free, 12230.22 MB total
[2021.05.23-19.00.45:540][  0]LogMemory: Virtual Memory: 5124.82 MB used,  134212600.00 MB free, 134217728.00 MB total
[2021.05.23-19.00.45:543][  0]LogWindows: WindowsPlatformFeatures enabled
[2021.05.23-19.00.45:583][  0]LogInit: Using OS detected language (en-GB).
[2021.05.23-19.00.45:583][  0]LogInit: Using OS detected locale (en-GB).
[2021.05.23-19.00.45:585][  0]LogTextLocalizationManager: No specific localization for 'en-GB' exists, so the 'en' localization will be used.
[2021.05.23-19.00.45:835][  0]LogInit: Setting process to per monitor DPI aware
[2021.05.23-19.00.45:866][  0]LogSlate: New Slate User Created.  User Index 0, Is Virtual User: 0
[2021.05.23-19.00.45:866][  0]LogSlate: Slate User Registered.  User Index 0, Is Virtual User: 0
[2021.05.23-19.00.46:324][  0]LogD3D11RHI: D3D11 min allowed feature level: 11_0
[2021.05.23-19.00.46:324][  0]LogD3D11RHI: D3D11 max allowed feature level: 11_0
[2021.05.23-19.00.46:324][  0]LogD3D11RHI: D3D11 adapters:
[2021.05.23-19.00.46:442][  0]LogD3D11RHI:    0. 'NVIDIA GeForce GTX 1060 3GB' (Feature Level 11_0)
[2021.05.23-19.00.46:442][  0]LogD3D11RHI:       2988/0/6115 MB DedicatedVideo/DedicatedSystem/SharedSystem, Outputs:1, VendorId:0x10de
[2021.05.23-19.00.46:447][  0]LogD3D11RHI:    1. 'Microsoft Basic Render Driver' (Feature Level 11_0)
[2021.05.23-19.00.46:447][  0]LogD3D11RHI:       0/0/6115 MB DedicatedVideo/DedicatedSystem/SharedSystem, Outputs:0, VendorId:0x1414
[2021.05.23-19.00.46:447][  0]LogD3D11RHI: Chosen D3D11 Adapter: 0
[2021.05.23-19.00.46:454][  0]LogD3D11RHI: Creating new Direct3DDevice
[2021.05.23-19.00.46:454][  0]LogD3D11RHI:     GPU DeviceId: 0x1c02 (for the marketing name, search the web for "GPU Device Id")
[2021.05.23-19.00.46:454][  0]LogWindows: EnumDisplayDevices:
[2021.05.23-19.00.46:454][  0]LogWindows:    0. 'NVIDIA GeForce GTX 1060 3GB' (P:1 D:1)
[2021.05.23-19.00.46:454][  0]LogWindows:    1. 'NVIDIA GeForce GTX 1060 3GB' (P:0 D:0)
[2021.05.23-19.00.46:455][  0]LogWindows:    2. 'NVIDIA GeForce GTX 1060 3GB' (P:0 D:0)
[2021.05.23-19.00.46:455][  0]LogWindows:    3. 'NVIDIA GeForce GTX 1060 3GB' (P:0 D:0)
[2021.05.23-19.00.46:455][  0]LogWindows: DebugString: FoundDriverCount:4 
[2021.05.23-19.00.46:455][  0]LogD3D11RHI:     Adapter Name: NVIDIA GeForce GTX 1060 3GB
[2021.05.23-19.00.46:455][  0]LogD3D11RHI:   Driver Version: 466.47 (internal:27.21.14.6647, unified:466.47)
[2021.05.23-19.00.46:455][  0]LogD3D11RHI:      Driver Date: 5-13-2021
[2021.05.23-19.00.46:455][  0]LogRHI: Texture pool is 2091 MB (70% of 2988 MB)
[2021.05.23-19.00.46:545][  0]LogD3D11RHI: RHI has support for 64 bit atomics
[2021.05.23-19.00.46:545][  0]LogD3D11RHI: Async texture creation enabled
[2021.05.23-19.00.46:561][  0]LogD3D11RHI: GPU Timing Frequency: 1000.000000 (Debug: 2 1)
[2021.05.23-19.00.47:226][  0]LogTargetPlatformManager: Display: Loaded TargetPlatform 'AllDesktop'
[2021.05.23-19.00.47:259][  0]LogTargetPlatformManager: Display: Loaded TargetPlatform 'Android'
[2021.05.23-19.00.47:259][  0]LogTargetPlatformManager: Display: Loaded TargetPlatform 'Android_ASTC'
[2021.05.23-19.00.47:259][  0]LogTargetPlatformManager: Display: Loaded TargetPlatform 'Android_ATC'
[2021.05.23-19.00.47:259][  0]LogTargetPlatformManager: Display: Loaded TargetPlatform 'Android_DXT'
[2021.05.23-19.00.47:259][  0]LogTargetPlatformManager: Display: Loaded TargetPlatform 'Android_ETC1'
[2021.05.23-19.00.47:259][  0]LogTargetPlatformManager: Display: Loaded TargetPlatform 'Android_ETC1a'
[2021.05.23-19.00.47:259][  0]LogTargetPlatformManager: Display: Loaded TargetPlatform 'Android_ETC2'
[2021.05.23-19.00.47:259][  0]LogTargetPlatformManager: Display: Loaded TargetPlatform 'Android_PVRTC'
[2021.05.23-19.00.47:259][  0]LogTargetPlatformManager: Display: Loaded TargetPlatform 'AndroidClient'
[2021.05.23-19.00.47:259][  0]LogTargetPlatformManager: Display: Loaded TargetPlatform 'Android_ASTCClient'
[2021.05.23-19.00.47:259][  0]LogTargetPlatformManager: Display: Loaded TargetPlatform 'Android_ATCClient'
[2021.05.23-19.00.47:259][  0]LogTargetPlatformManager: Display: Loaded TargetPlatform 'Android_DXTClient'
[2021.05.23-19.00.47:259][  0]LogTargetPlatformManager: Display: Loaded TargetPlatform 'Android_ETC1Client'
[2021.05.23-19.00.47:259][  0]LogTargetPlatformManager: Display: Loaded TargetPlatform 'Android_ETC1aClient'
[2021.05.23-19.00.47:259][  0]LogTargetPlatformManager: Display: Loaded TargetPlatform 'Android_ETC2Client'
[2021.05.23-19.00.47:259][  0]LogTargetPlatformManager: Display: Loaded TargetPlatform 'Android_PVRTCClient'
[2021.05.23-19.00.47:259][  0]LogTargetPlatformManager: Display: Loaded TargetPlatform 'Android_Multi'
[2021.05.23-19.00.47:259][  0]LogTargetPlatformManager: Display: Loaded TargetPlatform 'Android_MultiClient'
[2021.05.23-19.00.47:282][  0]LogTargetPlatformManager: Display: Loaded TargetPlatform 'IOSClient'
[2021.05.23-19.00.47:282][  0]LogTargetPlatformManager: Display: Loaded TargetPlatform 'IOS'
[2021.05.23-19.00.47:289][  0]LogTargetPlatformManager: Display: Loaded TargetPlatform 'LinuxNoEditor'
[2021.05.23-19.00.47:298][  0]LogTargetPlatformManager: Display: Loaded TargetPlatform 'LinuxClient'
[2021.05.23-19.00.47:308][  0]LogTargetPlatformManager: Display: Loaded TargetPlatform 'LinuxServer'
[2021.05.23-19.00.47:315][  0]LogTargetPlatformManager: Display: Loaded TargetPlatform 'LinuxAArch64NoEditor'
[2021.05.23-19.00.47:322][  0]LogTargetPlatformManager: Display: Loaded TargetPlatform 'LinuxAArch64Client'
[2021.05.23-19.00.47:328][  0]LogTargetPlatformManager: Display: Loaded TargetPlatform 'LinuxAArch64Server'
[2021.05.23-19.00.47:353][  0]LogTargetPlatformManager: Display: Loaded TargetPlatform 'Lumin'
[2021.05.23-19.00.47:353][  0]LogTargetPlatformManager: Display: Loaded TargetPlatform 'LuminClient'
[2021.05.23-19.00.47:372][  0]LogTargetPlatformManager: Display: Loaded TargetPlatform 'TVOSClient'
[2021.05.23-19.00.47:372][  0]LogTargetPlatformManager: Display: Loaded TargetPlatform 'TVOS'
[2021.05.23-19.00.47:384][  0]LogTargetPlatformManager: Display: Loaded TargetPlatform 'WindowsNoEditor'
[2021.05.23-19.00.47:392][  0]LogTargetPlatformManager: Display: Loaded TargetPlatform 'Windows'
[2021.05.23-19.00.47:399][  0]LogTargetPlatformManager: Display: Loaded TargetPlatform 'WindowsClient'
[2021.05.23-19.00.47:409][  0]LogTargetPlatformManager: Display: Loaded TargetPlatform 'WindowsServer'
[2021.05.23-19.00.47:409][  0]LogTargetPlatformManager: Display: Building Assets For Windows
[2021.05.23-19.00.47:413][  0]LogAudioDebug: Display: Lib vorbis DLL was dynamically loaded.
[2021.05.23-19.00.47:439][  0]LogShaderCompilers: Guid format shader working directory is 8 characters bigger than the processId version (../../../../_UEVR/UEVRSystem/ArchWalk/Intermediate/Shaders/WorkingDirectory/14208/).
[2021.05.23-19.00.47:439][  0]LogShaderCompilers: Cleaned the shader compiler working directory 'C:/Users/vmont/AppData/Local/Temp/UnrealShaderWorkingDir/A4A1DC064DD06AC20712BAB1410A24CC/'.
[2021.05.23-19.00.47:440][  0]LogXGEController: Cleaning working directory: C:/Users/vmont/AppData/Local/Temp/UnrealXGEWorkingDir/
[2021.05.23-19.00.47:440][  0]LogXGEController: Cannot use XGE Controller as Incredibuild is not installed on this machine.
[2021.05.23-19.00.47:440][  0]LogShaderCompilers: Cannot use XGE Shader Compiler as Incredibuild is not installed on this machine.
[2021.05.23-19.00.47:440][  0]LogShaderCompilers: Display: Using Local Shader Compiler.
[2021.05.23-19.00.48:353][  0]LogDerivedDataCache: Display: Max Cache Size: 512 MB
[2021.05.23-19.00.48:598][  0]LogDerivedDataCache: Loaded boot cache 0.24s 97MB C:/Users/vmont/AppData/Local/UnrealEngine/4.24/DerivedDataCache/Boot.ddc.
[2021.05.23-19.00.48:598][  0]LogDerivedDataCache: Display: Loaded Boot cache: C:/Users/vmont/AppData/Local/UnrealEngine/4.24/DerivedDataCache/Boot.ddc
[2021.05.23-19.00.48:598][  0]LogDerivedDataCache: FDerivedDataBackendGraph:  Pak pak cache file ../../../../_UEVR/UEVRSystem/ArchWalk/DerivedDataCache/DDC.ddp not found, will not use a pak cache.
[2021.05.23-19.00.48:598][  0]LogDerivedDataCache: Unable to find inner node Pak for hierarchical cache Hierarchy.
[2021.05.23-19.00.48:598][  0]LogDerivedDataCache: FDerivedDataBackendGraph:  CompressedPak pak cache file ../../../../_UEVR/UEVRSystem/ArchWalk/DerivedDataCache/Compressed.ddp not found, will not use a pak cache.
[2021.05.23-19.00.48:598][  0]LogDerivedDataCache: Unable to find inner node CompressedPak for hierarchical cache Hierarchy.
[2021.05.23-19.00.48:610][  0]LogDerivedDataCache: Display: Pak cache opened for reading ../../../Engine/DerivedDataCache/Compressed.ddp.
[2021.05.23-19.00.48:610][  0]LogDerivedDataCache: FDerivedDataBackendGraph:  EnterprisePak pak cache file ../../../Enterprise/DerivedDataCache/Compressed.ddp not found, will not use a pak cache.
[2021.05.23-19.00.48:610][  0]LogDerivedDataCache: Unable to find inner node EnterprisePak for hierarchical cache Hierarchy.
[2021.05.23-19.00.48:611][  0]LogDerivedDataCache: Using Local data cache path C:/Users/vmont/AppData/Local/UnrealEngine/Common/DerivedDataCache: Writable
[2021.05.23-19.00.48:611][  0]LogDerivedDataCache: Shared data cache path not found in *engine.ini, will not use an Shared cache.
[2021.05.23-19.00.48:611][  0]LogDerivedDataCache: Unable to find inner node Shared for hierarchical cache Hierarchy.
[2021.05.23-19.00.48:643][  0]LogMaterial: Verifying Global Shaders for PCD3D_SM5
[2021.05.23-19.00.48:646][  0]LogSlate: Using FreeType 2.10.0
[2021.05.23-19.00.48:647][  0]LogSlate: SlateFontServices - WITH_FREETYPE: 1, WITH_HARFBUZZ: 1
[2021.05.23-19.00.48:714][  0]LogAssetRegistry: FAssetRegistry took 0.0028 seconds to start up
[2021.05.23-19.00.49:088][  0]LogInit: Selected Device Profile: [Windows]
[2021.05.23-19.00.49:278][  0]LogMeshReduction: Using QuadricMeshReduction for automatic static mesh reduction
[2021.05.23-19.00.49:278][  0]LogMeshReduction: Using SimplygonMeshReduction for automatic skeletal mesh reduction
[2021.05.23-19.00.49:278][  0]LogMeshReduction: Using ProxyLODMeshReduction for automatic mesh merging
[2021.05.23-19.00.49:278][  0]LogMeshReduction: No distributed automatic mesh merging module available
[2021.05.23-19.00.49:278][  0]LogMeshMerging: No distributed automatic mesh merging module available
[2021.05.23-19.00.49:290][  0]LogNetVersion: ArchWalk 1.0.0, NetCL: 10570792, EngineNetVer: 13, GameNetVer: 0 (Checksum: 2200245134)
[2021.05.23-19.00.50:914][  0]LogPackageLocalizationCache: Processed 10 localized package path(s) for 1 prioritized culture(s) in 0.040419 seconds
[2021.05.23-19.00.50:922][  0]LogUObjectArray: 46750 objects as part of root set at end of initial load.
[2021.05.23-19.00.50:922][  0]LogUObjectAllocator: 8137160 out of 0 bytes used by permanent object pool.
[2021.05.23-19.00.50:922][  0]LogUObjectArray: CloseDisregardForGC: 0/0 objects in disregard for GC pool
[2021.05.23-19.00.51:040][  0]LogWindowsMoviePlayer: Could not load mf.dll. Library not found.
[2021.05.23-19.00.51:041][  0]LogWindowsMoviePlayer: Could not load mfplat.dll. Library not found.
[2021.05.23-19.00.51:041][  0]LogWindowsMoviePlayer: Could not load mfplay.dll. Library not found.
[2021.05.23-19.00.51:400][  0]LogTcpMessaging: Initializing TcpMessaging bridge
[2021.05.23-19.00.51:404][  0]LogUdpMessaging: Initializing bridge on interface 0.0.0.0:0 to multicast group 230.0.0.1:6666.
[2021.05.23-19.00.51:489][  0]SourceControl: Source control is disabled
[2021.05.23-19.00.51:489][  0]SourceControl: Source control is disabled
[2021.05.23-19.00.51:491][  0]SourceControl: Source control is disabled
[2021.05.23-19.00.51:493][  0]SourceControl: Source control is disabled
[2021.05.23-19.00.51:494][  0]SourceControl: Source control is disabled
[2021.05.23-19.00.51:601][  0]LogAndroidPermission: UAndroidPermissionCallbackProxy::GetInstance
[2021.05.23-19.00.51:614][  0]LogAudioCaptureCore: Display: No Audio Capture implementations found. Audio input will be silent.
[2021.05.23-19.00.51:614][  0]LogAudioCaptureCore: Display: No Audio Capture implementations found. Audio input will be silent.
[2021.05.23-19.00.51:704][  0]LogOcInput: OculusInput pre-init called
[2021.05.23-19.00.51:713][  0]LogWindows: Failed to load 'OVRPlugin.dll' (GetLastError=126)
[2021.05.23-19.00.51:714][  0]LogWindows: File 'OVRPlugin.dll' does not exist
[2021.05.23-19.00.51:793][  0]LogEngine: Initializing Engine...
[2021.05.23-19.00.51:794][  0]LogHMD: SteamVR initialized.  Driver: lighthouse  Display: LHR-CAF553DC
[2021.05.23-19.00.51:795][  0]LogStats: UGameplayTagsManager::InitializeManager -  0.000 s
[2021.05.23-19.00.52:156][  0]LogInit: Initializing FReadOnlyCVARCache
[2021.05.23-19.00.52:166][  0]LogAIModule: Creating AISystem for world Untitled
[2021.05.23-19.00.52:183][  0]LogAudioMixer: Display: Audio Mixer Platform Settings:
[2021.05.23-19.00.52:183][  0]LogAudioMixer: Display: 	Sample Rate:						  48000
[2021.05.23-19.00.52:183][  0]LogAudioMixer: Display: 	Callback Buffer Frame Size Requested: 1024
[2021.05.23-19.00.52:183][  0]LogAudioMixer: Display: 	Callback Buffer Frame Size To Use:	  1024
[2021.05.23-19.00.52:183][  0]LogAudioMixer: Display: 	Number of buffers to queue:			  2
[2021.05.23-19.00.52:183][  0]LogAudioMixer: Display: 	Max Channels (voices):				  32
[2021.05.23-19.00.52:183][  0]LogAudioMixer: Display: 	Number of Async Source Workers:		  0
[2021.05.23-19.00.52:183][  0]LogAudio: Display: AudioDevice MaxSources: 32
[2021.05.23-19.00.52:184][  0]LogAudio: Display: Using built-in audio occlusion.
[2021.05.23-19.00.52:184][  0]LogAudioMixer: Display: Initializing audio mixer.
[2021.05.23-19.00.52:232][  0]LogAudioMixer: Display: Audio Device Output Speaker Info:
[2021.05.23-19.00.52:232][  0]LogAudioMixer: Display: Name: Headphones (High Definition Audio Device)
[2021.05.23-19.00.52:232][  0]LogAudioMixer: Display: Is Default: Yes
[2021.05.23-19.00.52:232][  0]LogAudioMixer: Display: Sample Rate: 48000
[2021.05.23-19.00.52:232][  0]LogAudioMixer: Display: Channel Count Used: 2
[2021.05.23-19.00.52:232][  0]LogAudioMixer: Display: Device Channel Count: 2
[2021.05.23-19.00.52:232][  0]LogAudioMixer: Display: Channel Order:
[2021.05.23-19.00.52:232][  0]LogAudioMixer: Display: 0: FrontLeft
[2021.05.23-19.00.52:232][  0]LogAudioMixer: Display: 1: FrontRight
[2021.05.23-19.00.52:260][  0]LogAudioMixer: Display: Using Audio Device Headphones (High Definition Audio Device)
[2021.05.23-19.00.52:265][  0]LogInit: FAudioDevice initialized.
[2021.05.23-19.00.52:265][  0]LogNetVersion: Set ProjectVersion to 1.0.0.0. Version Checksum will be recalculated on next use.
[2021.05.23-19.00.52:353][  0]LogDerivedDataCache: Saved boot cache 0.09s 97MB C:/Users/vmont/AppData/Local/UnrealEngine/4.24/DerivedDataCache/Boot.ddc.
[2021.05.23-19.00.52:357][  0]LogInit: Texture streaming: Enabled
[2021.05.23-19.00.52:367][  0]LogEngineSessionManager: EngineSessionManager initialized
[2021.05.23-19.00.52:367][  0]LogEditorSessionSummary: Verbose: Initializing EditorSessionSummaryWriter for editor session tracking
[2021.05.23-19.00.52:368][  0]LogEditorSessionSummary: EditorSessionSummaryWriter initialized
[2021.05.23-19.00.52:418][  0]LogInit: Transaction tracking system initialized
[2021.05.23-19.00.52:436][  0]BlueprintLog: New page: Editor Load
[2021.05.23-19.00.52:478][  0]LocalizationService: Localization service is disabled
[2021.05.23-19.00.52:775][  0]LogFileCache: Scanning file cache for directory 'F:/_UEVR/UEVRSystem/ArchWalk/Content/' took 0.00s
[2021.05.23-19.00.52:776][  0]LogCook: Display: Max memory allowance for cook 16384mb min free memory 0mb
[2021.05.23-19.00.52:776][  0]LogCook: Display: Mobile HDR setting 1
[2021.05.23-19.00.53:440][  0]SourceControl: Source control is disabled
[2021.05.23-19.00.53:440][  0]Cmd: MAP LOAD FILE="../../../Engine/Content/Maps/Templates/Template_Default.umap" TEMPLATE=1 SHOWPROGRESS=1 FEATURELEVEL=3
[2021.05.23-19.00.53:447][  0]LightingResults: New page: Lighting Build
[2021.05.23-19.00.53:449][  0]LogWorld: UWorld::CleanupWorld for Untitled, bSessionEnded=true, bCleanupResources=true
[2021.05.23-19.00.53:449][  0]LogSlate: InvalidateAllWidgets triggered.  All widgets were invalidated
[2021.05.23-19.00.53:449][  0]MapCheck: New page: Map Check
[2021.05.23-19.00.53:449][  0]LightingResults: New page: Lighting Build
[2021.05.23-19.00.53:474][  0]LogUObjectHash: Compacting FUObjectHashTables data took   1.89ms
[2021.05.23-19.00.53:563][  0]LogAIModule: Creating AISystem for world Untitled_1
[2021.05.23-19.00.53:567][  0]LogEditorServer: Finished looking for orphan Actors (0.000 secs)
[2021.05.23-19.00.53:594][  0]LogUObjectHash: Compacting FUObjectHashTables data took   2.18ms
[2021.05.23-19.00.53:594][  0]Cmd: MAP CHECKDEP NOCLEARLOG
[2021.05.23-19.00.53:594][  0]MapCheck: Map check complete: 0 Error(s), 0 Warning(s), took 0.118ms to complete.
[2021.05.23-19.00.53:594][  0]LogFileHelpers: Loading map 'Template_Default' took 0.153
[2021.05.23-19.00.53:725][  0]LogCollectionManager: Loaded 0 collections in 0.000623 seconds
[2021.05.23-19.00.53:738][  0]LogFileCache: Scanning file cache for directory 'F:/_UEVR/UEVRSystem/ArchWalk/Saved/Collections/' took 0.00s
[2021.05.23-19.00.53:738][  0]LogFileCache: Scanning file cache for directory 'F:/_UEVR/UEVRSystem/ArchWalk/Content/Developers/vmont/Collections/' took 0.00s
[2021.05.23-19.00.53:738][  0]LogFileCache: Scanning file cache for directory 'F:/_UEVR/UEVRSystem/ArchWalk/Content/Collections/' took 0.00s
[2021.05.23-19.00.53:738][  0]LogContentBrowser: Native class hierarchy populated in 0.0082 seconds. Added 3017 classes and 719 folders.
[2021.05.23-19.00.53:745][  0]LogContentBrowser: Native class hierarchy updated for 'WidgetCarousel' in 0.0004 seconds. Added 0 classes and 0 folders.
[2021.05.23-19.00.53:919][  0]LogContentBrowser: Native class hierarchy updated for 'AddContentDialog' in 0.0003 seconds. Added 0 classes and 0 folders.
[2021.05.23-19.00.53:935][  0]LogSlate: Updating window title bar state: overlay mode, drag disabled, window buttons hidden, title bar hidden
[2021.05.23-19.00.53:943][  0]LogSlate: Updating window title bar state: overlay mode, drag disabled, window buttons hidden, title bar hidden
[2021.05.23-19.00.53:950][  0]LogSlate: Updating window title bar state: overlay mode, drag disabled, window buttons hidden, title bar hidden
[2021.05.23-19.00.53:957][  0]LogSlate: Updating window title bar state: overlay mode, drag disabled, window buttons hidden, title bar hidden
[2021.05.23-19.00.53:966][  0]LogContentBrowser: Native class hierarchy updated for 'SceneOutliner' in 0.0003 seconds. Added 2 classes and 3 folders.
[2021.05.23-19.00.54:003][  0]LogSlate: Took 0.000168 seconds to synchronously load lazily loaded font '../../../Engine/Content/Slate/Fonts/Roboto-Regular.ttf' (155K)
[2021.05.23-19.00.54:005][  0]LogSlate: Took 0.000155 seconds to synchronously load lazily loaded font '../../../Engine/Content/Slate/Fonts/Roboto-Bold.ttf' (160K)
[2021.05.23-19.00.54:008][  0]LogSlate: Took 0.000980 seconds to synchronously load lazily loaded font '../../../Engine/Content/Editor/Slate/Fonts/FontAwesome.ttf' (139K)
[2021.05.23-19.00.54:099][  0]LogRenderer: Reallocating scene render targets to support 1060x900 Format 10 NumSamples 1 (Frame:1).
[2021.05.23-19.00.54:195][  0]LogContentBrowser: Native class hierarchy updated for 'HierarchicalLODOutliner' in 0.0003 seconds. Added 0 classes and 0 folders.
[2021.05.23-19.00.54:195][  0]LogLoad: (Engine Initialization) Total time: 10.12 seconds
[2021.05.23-19.00.54:195][  0]LogLoad: (Engine Initialization) Total Blueprint compile time: 0.00 seconds
[2021.05.23-19.00.54:210][  0]LogSteamVRInputDevice: Display: SteamVR runtime 1.5.17 loaded.
[2021.05.23-19.00.54:210][  0]LogSteamVRInputDevice: Display: Action Manifest Path: ../../../../_UEVR/UEVRSystem/ArchWalk/Config/SteamVRBindings/steamvr_manifest.json
[2021.05.23-19.00.54:210][  0]LogSteamVRInputDevice: Display: Controller Bindings Path: ../../../../_UEVR/UEVRSystem/ArchWalk/Config/SteamVRBindings
[2021.05.23-19.00.54:210][  0]LogSteamVRInputDevice: Searching for Controller Bindings files at: ../../../../_UEVR/UEVRSystem/ArchWalk/Config/SteamVRBindings
[2021.05.23-19.00.54:214][  0]LogSteamVRInputDevice: Display: [STEAMVR INPUT] Registering Application Manifest ../../../../_UEVR/UEVRSystem/ArchWalk/Config/steamvr_ue_editor_app.json : VRApplicationError_None
[2021.05.23-19.00.54:215][  0]LogSteamVRInputDevice: Display: [STEAMVR INPUT] Editor Application [14208][application.generated.ue.archwalk-11590370.ue4editor.exe] identified to SteamVR: VRApplicationError_None
[2021.05.23-19.00.54:215][  0]LogSteamVRInputDevice: Display: [STEAMVR INPUT] Trying to load Action Manifest from: F:/_UEVR/UEVRSystem/ArchWalk/Config/SteamVRBindings/steamvr_manifest.json
[2021.05.23-19.00.54:215][  0]LogSteamVRInputDevice: Display: [STEAMVR INPUT] Setting Action Manifest Path Result: Success
[2021.05.23-19.00.54:215][  0]LogSteamVRInputDevice: Display: [STEAMVR INPUT] Setting main action set: Success
[2021.05.23-19.00.54:216][  0]LogSteamVRInputDevice: Display: Retrieving Action Handle: /actions/main/in/controllerleft
[2021.05.23-19.00.54:216][  0]LogSteamVRInputDevice: Display: [STEAMVR INPUT] Setting Action Handle Path Result: Success
[2021.05.23-19.00.54:216][  0]LogSteamVRInputDevice: Display: Retrieving Action Handle: /actions/main/in/controllerright
[2021.05.23-19.00.54:216][  0]LogSteamVRInputDevice: Display: [STEAMVR INPUT] Setting Action Handle Path Result: Success
[2021.05.23-19.00.54:216][  0]LogSteamVRInputDevice: Display: Retrieving Action Handle: /actions/main/in/special1
[2021.05.23-19.00.54:216][  0]LogSteamVRInputDevice: Display: [STEAMVR INPUT] Setting Action Handle Path Result: Success
[2021.05.23-19.00.54:216][  0]LogSteamVRInputDevice: Display: Retrieving Action Handle: /actions/main/in/special2
[2021.05.23-19.00.54:216][  0]LogSteamVRInputDevice: Display: [STEAMVR INPUT] Setting Action Handle Path Result: Success
[2021.05.23-19.00.54:216][  0]LogSteamVRInputDevice: Display: Retrieving Action Handle: /actions/main/in/special3
[2021.05.23-19.00.54:216][  0]LogSteamVRInputDevice: Display: [STEAMVR INPUT] Setting Action Handle Path Result: Success
[2021.05.23-19.00.54:216][  0]LogSteamVRInputDevice: Display: Retrieving Action Handle: /actions/main/in/special4
[2021.05.23-19.00.54:216][  0]LogSteamVRInputDevice: Display: [STEAMVR INPUT] Setting Action Handle Path Result: Success
[2021.05.23-19.00.54:216][  0]LogSteamVRInputDevice: Display: Retrieving Action Handle: /actions/main/in/special5
[2021.05.23-19.00.54:216][  0]LogSteamVRInputDevice: Display: [STEAMVR INPUT] Setting Action Handle Path Result: Success
[2021.05.23-19.00.54:216][  0]LogSteamVRInputDevice: Display: Retrieving Action Handle: /actions/main/in/special6
[2021.05.23-19.00.54:216][  0]LogSteamVRInputDevice: Display: [STEAMVR INPUT] Setting Action Handle Path Result: Success
[2021.05.23-19.00.54:217][  0]LogSteamVRInputDevice: Display: Retrieving Action Handle: /actions/main/in/special7
[2021.05.23-19.00.54:217][  0]LogSteamVRInputDevice: Display: [STEAMVR INPUT] Setting Action Handle Path Result: Success
[2021.05.23-19.00.54:217][  0]LogSteamVRInputDevice: Display: Retrieving Action Handle: /actions/main/in/special8
[2021.05.23-19.00.54:217][  0]LogSteamVRInputDevice: Display: [STEAMVR INPUT] Setting Action Handle Path Result: Success
[2021.05.23-19.00.54:217][  0]LogSteamVRInputDevice: Display: Retrieving Action Handle: /actions/main/in/skeletonleft
[2021.05.23-19.00.54:217][  0]LogSteamVRInputDevice: Display: [STEAMVR INPUT] Setting Action Handle Path Result: Success
[2021.05.23-19.00.54:217][  0]LogSteamVRInputDevice: Display: Retrieving Action Handle: /actions/main/in/skeletonright
[2021.05.23-19.00.54:217][  0]LogSteamVRInputDevice: Display: [STEAMVR INPUT] Setting Action Handle Path Result: Success
[2021.05.23-19.00.54:217][  0]LogSteamVRInputDevice: Display: Retrieving Action Handle: /actions/main/out/vibrateleft
[2021.05.23-19.00.54:217][  0]LogSteamVRInputDevice: Display: [STEAMVR INPUT] Setting Action Handle Path Result: Success
[2021.05.23-19.00.54:217][  0]LogSteamVRInputDevice: Display: Retrieving Action Handle: /actions/main/out/vibrateright
[2021.05.23-19.00.54:217][  0]LogSteamVRInputDevice: Display: [STEAMVR INPUT] Setting Action Handle Path Result: Success
[2021.05.23-19.00.54:217][  0]LogSteamVRInputDevice: Display: Retrieving Action Handle: /actions/main/in/open_console
[2021.05.23-19.00.54:217][  0]LogSteamVRInputDevice: Display: [STEAMVR INPUT] Setting Action Handle Path Result: Success
[2021.05.23-19.00.54:217][  0]LogSteamVRInputDevice: Display: Retrieving Action Handle: /actions/main/in/Teleport
[2021.05.23-19.00.54:217][  0]LogSteamVRInputDevice: Display: [STEAMVR INPUT] Setting Action Handle Path Result: Success
[2021.05.23-19.00.54:217][  0]LogSteamVRInputDevice: Display: Retrieving Action Handle: /actions/main/in/Teleport
[2021.05.23-19.00.54:217][  0]LogSteamVRInputDevice: Display: [STEAMVR INPUT] Setting Action Handle Path Result: Success
[2021.05.23-19.00.54:218][  0]LogSteamVRInputDevice: Display: Action Manifest Path: ../../../../_UEVR/UEVRSystem/ArchWalk/Config/SteamVRBindings/steamvr_manifest.json
[2021.05.23-19.00.54:218][  0]LogSteamVRInputDevice: Display: Controller Bindings Path: ../../../../_UEVR/UEVRSystem/ArchWalk/Config/SteamVRBindings
[2021.05.23-19.00.54:218][  0]LogSteamVRInputDevice: Searching for Controller Bindings files at: ../../../../_UEVR/UEVRSystem/ArchWalk/Config/SteamVRBindings
[2021.05.23-19.00.54:222][  0]LogSteamVRInputDevice: Display: [STEAMVR INPUT] Registering Application Manifest ../../../../_UEVR/UEVRSystem/ArchWalk/Config/steamvr_ue_editor_app.json : VRApplicationError_None
[2021.05.23-19.00.54:222][  0]LogSteamVRInputDevice: Display: [STEAMVR INPUT] Editor Application [14208][application.generated.ue.archwalk-11590370.ue4editor.exe] identified to SteamVR: VRApplicationError_None
[2021.05.23-19.00.54:222][  0]LogSteamVRInputDevice: Display: [STEAMVR INPUT] Trying to load Action Manifest from: F:/_UEVR/UEVRSystem/ArchWalk/Config/SteamVRBindings/steamvr_manifest.json
[2021.05.23-19.00.54:222][  0]LogSteamVRInputDevice: Display: [STEAMVR INPUT] Setting Action Manifest Path Result: Success
[2021.05.23-19.00.54:222][  0]LogSteamVRInputDevice: Display: [STEAMVR INPUT] Setting main action set: Success
[2021.05.23-19.00.54:222][  0]LogSteamVRInputDevice: Display: Retrieving Action Handle: /actions/main/in/controllerleft
[2021.05.23-19.00.54:222][  0]LogSteamVRInputDevice: Display: [STEAMVR INPUT] Setting Action Handle Path Result: Success
[2021.05.23-19.00.54:222][  0]LogSteamVRInputDevice: Display: Retrieving Action Handle: /actions/main/in/controllerright
[2021.05.23-19.00.54:222][  0]LogSteamVRInputDevice: Display: [STEAMVR INPUT] Setting Action Handle Path Result: Success
[2021.05.23-19.00.54:222][  0]LogSteamVRInputDevice: Display: Retrieving Action Handle: /actions/main/in/special1
[2021.05.23-19.00.54:222][  0]LogSteamVRInputDevice: Display: [STEAMVR INPUT] Setting Action Handle Path Result: Success
[2021.05.23-19.00.54:222][  0]LogSteamVRInputDevice: Display: Retrieving Action Handle: /actions/main/in/special2
[2021.05.23-19.00.54:222][  0]LogSteamVRInputDevice: Display: [STEAMVR INPUT] Setting Action Handle Path Result: Success
[2021.05.23-19.00.54:222][  0]LogSteamVRInputDevice: Display: Retrieving Action Handle: /actions/main/in/special3
[2021.05.23-19.00.54:222][  0]LogSteamVRInputDevice: Display: [STEAMVR INPUT] Setting Action Handle Path Result: Success
[2021.05.23-19.00.54:222][  0]LogSteamVRInputDevice: Display: Retrieving Action Handle: /actions/main/in/special4
[2021.05.23-19.00.54:222][  0]LogSteamVRInputDevice: Display: [STEAMVR INPUT] Setting Action Handle Path Result: Success
[2021.05.23-19.00.54:222][  0]LogSteamVRInputDevice: Display: Retrieving Action Handle: /actions/main/in/special5
[2021.05.23-19.00.54:222][  0]LogSteamVRInputDevice: Display: [STEAMVR INPUT] Setting Action Handle Path Result: Success
[2021.05.23-19.00.54:222][  0]LogSteamVRInputDevice: Display: Retrieving Action Handle: /actions/main/in/special6
[2021.05.23-19.00.54:222][  0]LogSteamVRInputDevice: Display: [STEAMVR INPUT] Setting Action Handle Path Result: Success
[2021.05.23-19.00.54:222][  0]LogSteamVRInputDevice: Display: Retrieving Action Handle: /actions/main/in/special7
[2021.05.23-19.00.54:222][  0]LogSteamVRInputDevice: Display: [STEAMVR INPUT] Setting Action Handle Path Result: Success
[2021.05.23-19.00.54:222][  0]LogSteamVRInputDevice: Display: Retrieving Action Handle: /actions/main/in/special8
[2021.05.23-19.00.54:223][  0]LogSteamVRInputDevice: Display: [STEAMVR INPUT] Setting Action Handle Path Result: Success
[2021.05.23-19.00.54:223][  0]LogSteamVRInputDevice: Display: Retrieving Action Handle: /actions/main/in/skeletonleft
[2021.05.23-19.00.54:223][  0]LogSteamVRInputDevice: Display: [STEAMVR INPUT] Setting Action Handle Path Result: Success
[2021.05.23-19.00.54:223][  0]LogSteamVRInputDevice: Display: Retrieving Action Handle: /actions/main/in/skeletonright
[2021.05.23-19.00.54:223][  0]LogSteamVRInputDevice: Display: [STEAMVR INPUT] Setting Action Handle Path Result: Success
[2021.05.23-19.00.54:223][  0]LogSteamVRInputDevice: Display: Retrieving Action Handle: /actions/main/out/vibrateleft
[2021.05.23-19.00.54:223][  0]LogSteamVRInputDevice: Display: [STEAMVR INPUT] Setting Action Handle Path Result: Success
[2021.05.23-19.00.54:223][  0]LogSteamVRInputDevice: Display: Retrieving Action Handle: /actions/main/out/vibrateright
[2021.05.23-19.00.54:223][  0]LogSteamVRInputDevice: Display: [STEAMVR INPUT] Setting Action Handle Path Result: Success
[2021.05.23-19.00.54:223][  0]LogSteamVRInputDevice: Display: Retrieving Action Handle: /actions/main/in/open_console
[2021.05.23-19.00.54:223][  0]LogSteamVRInputDevice: Display: [STEAMVR INPUT] Setting Action Handle Path Result: Success
[2021.05.23-19.00.54:223][  0]LogSteamVRInputDevice: Display: Retrieving Action Handle: /actions/main/in/Teleport
[2021.05.23-19.00.54:223][  0]LogSteamVRInputDevice: Display: [STEAMVR INPUT] Setting Action Handle Path Result: Success
[2021.05.23-19.00.54:223][  0]LogSteamVRInputDevice: Display: Retrieving Action Handle: /actions/main/in/Teleport
[2021.05.23-19.00.54:223][  0]LogSteamVRInputDevice: Display: [STEAMVR INPUT] Setting Action Handle Path Result: Success
[2021.05.23-19.00.54:272][  0]LogContentStreaming: Texture pool size now 1000 MB
[2021.05.23-19.00.54:320][  1]LogRenderer: Reallocating scene render targets to support 1060x916 Format 10 NumSamples 1 (Frame:4).
[2021.05.23-19.00.54:378][  1]LogSlate: Took 0.001395 seconds to synchronously load lazily loaded font '../../../Engine/Content/Slate/Fonts/Roboto-Light.ttf' (167K)
[2021.05.23-19.00.54:404][  2]LogAssetRegistry: Asset discovery search completed in 5.6913 seconds
[2021.05.23-19.00.54:411][  2]LogCollectionManager: Fixed up redirectors for 0 collections in 0.000017 seconds (updated 0 objects)
[2021.05.23-19.00.59:070][ 16]LogHMD: SteamVR Shutting down.
[2021.05.23-19.01.15:459][ 65]LogHotReload: New module detected: UE4Editor-ArchWalk-9838.dll
[2021.05.23-19.01.16:816][ 70]LogHotReload: Starting Hot-Reload from IDE
[2021.05.23-19.01.16:821][ 70]LogSlate: Took 0.000211 seconds to synchronously load lazily loaded font '../../../Engine/Content/Slate/Fonts/Roboto-Light.ttf' (167K)
[2021.05.23-19.01.16:867][ 70]LogUObjectHash: Compacting FUObjectHashTables data took   0.65ms
[2021.05.23-19.01.16:879][ 70]LogContentBrowser: Native class hierarchy updated for 'ArchWalk' in 0.0004 seconds. Added 2 classes and 2 folders.
[2021.05.23-19.01.16:884][ 70]Display: HotReload successful (0 functions remapped  0 scriptstructs remapped)
[2021.05.23-19.01.16:969][ 70]LogUObjectHash: Compacting FUObjectHashTables data took   2.13ms
[2021.05.23-19.01.16:991][ 70]LogContentBrowser: Native class hierarchy populated in 0.0134 seconds. Added 3019 classes and 722 folders.
[2021.05.23-19.01.16:996][ 70]Display: HotReload took  0.2s.
[2021.05.23-19.06.41:155][283]LogAIModule: Creating AISystem for world MainSunTemple
[2021.05.23-19.06.41:206][283]LogAssetEditorSubsystem: Opening Asset editor for World /Game/MainSunTemple.MainSunTemple
[2021.05.23-19.06.41:262][283]LogUObjectHash: Compacting FUObjectHashTables data took   2.40ms
[2021.05.23-19.06.41:266][283]Cmd: MAP LOAD FILE="../../../../_UEVR/UEVRSystem/ArchWalk/Content/MainSunTemple.umap" TEMPLATE=0 SHOWPROGRESS=1 FEATURELEVEL=3
[2021.05.23-19.06.41:266][283]LightingResults: New page: Lighting Build
[2021.05.23-19.06.41:267][283]LoadErrors: New page: Loading map: MainSunTemple.umap
[2021.05.23-19.06.41:267][283]LogWorld: UWorld::CleanupWorld for Untitled_1, bSessionEnded=true, bCleanupResources=true
[2021.05.23-19.06.41:267][283]LogSlate: InvalidateAllWidgets triggered.  All widgets were invalidated
[2021.05.23-19.06.41:267][283]MapCheck: New page: Map Check
[2021.05.23-19.06.41:267][283]LightingResults: New page: Lighting Build
[2021.05.23-19.06.41:296][283]LogUObjectHash: Compacting FUObjectHashTables data took   1.80ms
[2021.05.23-19.06.41:321][283]LogEditorServer: Finished looking for orphan Actors (0.000 secs)
[2021.05.23-19.06.41:364][283]LogUObjectHash: Compacting FUObjectHashTables data took   1.81ms
[2021.05.23-19.06.41:383][283]Cmd: MAP CHECKDEP NOCLEARLOG
[2021.05.23-19.06.41:383][283]MapCheck: Map check complete: 0 Error(s), 0 Warning(s), took 0.255ms to complete.
[2021.05.23-19.06.41:383][283]LogFileHelpers: Loading map 'MainSunTemple' took 0.117
[2021.05.23-19.06.57:153][ 55]LogMaterial: Display: Missing cached shader map for material Material_0, compiling. 
[2021.05.23-19.06.57:156][ 55]LogMaterial: Warning: /Engine/Transient.Material_0 (no disk path found): Failed to compile Material for platform PCD3D_SM5, Default Material will be used in game.
[2021.05.23-19.06.57:156][ 55]LogMaterial: Display: 	Only transparent or postprocess materials can read from scene depth.
[2021.05.23-19.07.19:329][897]LogAssetEditorSubsystem: Opening Asset editor for Blueprint /Game/Blueprints/BP_VRCharacter.BP_VRCharacter
[2021.05.23-19.07.19:615][897]LogContentBrowser: Native class hierarchy updated for 'BlueprintGraph' in 0.0007 seconds. Added 121 classes and 0 folders.
[2021.05.23-19.07.23:669][ 86]LogSlate: Window 'BP_VRCharacter' being destroyed
[2021.05.23-19.07.23:676][ 86]LogWorld: UWorld::CleanupWorld for World_3, bSessionEnded=true, bCleanupResources=true
[2021.05.23-19.07.23:676][ 86]LogSlate: InvalidateAllWidgets triggered.  All widgets were invalidated
[2021.05.23-19.07.23:740][ 86]LogAssetEditorSubsystem: Opening Asset editor for Blueprint /Game/Blueprints/BP_VRCharacter.BP_VRCharacter
[2021.05.23-19.07.24:164][ 86]LogSlate: Took 0.012288 seconds to synchronously load lazily loaded font '../../../Engine/Content/Slate/Fonts/Roboto-BoldCondensed.ttf' (158K)
[2021.05.23-19.07.26:296][254]LogSlate: Took 0.000244 seconds to synchronously load lazily loaded font '../../../Engine/Content/Slate/Fonts/Roboto-Italic.ttf' (157K)
[2021.05.23-19.07.59:242][988]BlueprintLog: New page: Compile BP_VRCharacter
[2021.05.23-19.07.59:503][988]LogUObjectHash: Compacting FUObjectHashTables data took   4.11ms
[2021.05.23-19.09.26:039][113]Candidate modules for hot reload:
[2021.05.23-19.09.26:040][113]  ArchWalk
[2021.05.23-19.09.26:040][113]Launching UnrealBuildTool... [F:/UE_4.24/Engine/Binaries/DotNET/UnrealBuildTool.exe  -ModuleWithSuffix=ArchWalk,4479 Win64 Development -TargetType=Editor -Project="F:/_UEVR/UEVRSystem/ArchWalk/ArchWalk.uproject" "F:/_UEVR/UEVRSystem/ArchWalk/ArchWalk.uproject"  -IgnoreJunk]
[2021.05.23-19.09.26:420][113]Warning: Starting HotReload took  0.4s.
[2021.05.23-19.10.01:570][935]CompilerResultsLog: New page: Compilation - 23 May 2021, 21:10:01
[2021.05.23-19.10.01:570][935]CompilerResultsLog: Using 'git status' to determine working set for adaptive non-unity build (F:\_UEVR\UEVRSystem).
[2021.05.23-19.10.01:570][935]CompilerResultsLog: Parsing headers for ArchWalkEditor
[2021.05.23-19.10.01:570][935]CompilerResultsLog:   Running UnrealHeaderTool "F:\_UEVR\UEVRSystem\ArchWalk\ArchWalk.uproject" "F:\_UEVR\UEVRSystem\ArchWalk\Intermediate\Build\Win64\ArchWalkEditor\Development\ArchWalkEditor.uhtmanifest" -LogCmds="loginit warning, logexit warning, logdatabase error" -Unattended -WarningsAsErrors -installed
[2021.05.23-19.10.01:570][935]CompilerResultsLog: Reflection code generated for ArchWalkEditor in 11.2998456 seconds
[2021.05.23-19.10.01:570][935]CompilerResultsLog: Building ArchWalkEditor...
[2021.05.23-19.10.01:570][935]CompilerResultsLog: Using Visual Studio 2019 14.28.29915 toolchain (C:\Program Files (x86)\Microsoft Visual Studio\2019\Community\VC\Tools\MSVC\14.28.29910) and Windows 10.0.19041.0 SDK (C:\Program Files (x86)\Windows Kits\10).
[2021.05.23-19.10.01:570][935]CompilerResultsLog: Building 6 actions with 8 processes...
[2021.05.23-19.10.01:570][935]CompilerResultsLog:   [1/6] ArchWalk.init.gen.cpp
[2021.05.23-19.10.01:570][935]CompilerResultsLog:   [2/6] VRCharacter.gen.cpp
[2021.05.23-19.10.01:570][935]CompilerResultsLog:   [3/6] VRCharacter.cpp
[2021.05.23-19.10.01:570][935]CompilerResultsLog:   [4/6] UE4Editor-ArchWalk-4479.lib
[2021.05.23-19.10.01:570][935]CompilerResultsLog:      Creating library F:\_UEVR\UEVRSystem\ArchWalk\Intermediate\Build\Win64\UE4Editor\Development\ArchWalk\UE4Editor-ArchWalk-4479.lib and object F:\_UEVR\UEVRSystem\ArchWalk\Intermediate\Build\Win64\UE4Editor\Development\ArchWalk\UE4Editor-ArchWalk-4479.exp
[2021.05.23-19.10.01:570][935]CompilerResultsLog:   [5/6] UE4Editor-ArchWalk-4479.dll
[2021.05.23-19.10.01:570][935]CompilerResultsLog:      Creating library F:\_UEVR\UEVRSystem\ArchWalk\Intermediate\Build\Win64\UE4Editor\Development\ArchWalk\UE4Editor-ArchWalk-4479.suppressed.lib and object F:\_UEVR\UEVRSystem\ArchWalk\Intermediate\Build\Win64\UE4Editor\Development\ArchWalk\UE4Editor-ArchWalk-4479.suppressed.exp
[2021.05.23-19.10.01:570][935]CompilerResultsLog:   [6/6] ArchWalkEditor.target
[2021.05.23-19.10.01:570][935]CompilerResultsLog: Total time in Parallel executor: 21.97 seconds
[2021.05.23-19.10.01:570][935]CompilerResultsLog: Total execution time: 35.00 seconds
[2021.05.23-19.10.01:570][935]LogMainFrame: MainFrame: Module compiling took 35.536 seconds
[2021.05.23-19.10.01:603][935]LogUObjectHash: Compacting FUObjectHashTables data took   3.42ms
[2021.05.23-19.10.01:631][935]LogClass: Could not find existing class VRCharacter in package /Script/ArchWalk for HotReload, assuming new class
[2021.05.23-19.10.01:645][935]LogHotReload: Re-instancing VRCharacter after hot-reload.
[2021.05.23-19.10.02:159][935]LogContentBrowser: Native class hierarchy updated for 'ArchWalk' in 0.0005 seconds. Added 2 classes and 2 folders.
[2021.05.23-19.10.02:165][935]Display: HotReload successful (0 functions remapped  0 scriptstructs remapped)
[2021.05.23-19.10.02:282][935]LogUObjectHash: Compacting FUObjectHashTables data took   4.94ms
[2021.05.23-19.10.02:307][935]LogContentBrowser: Native class hierarchy populated in 0.0127 seconds. Added 3019 classes and 722 folders.
[2021.05.23-19.10.02:307][935]Display: HotReload took 36.3s.
[2021.05.23-19.10.10:935][650]LogRenderer: Reallocating scene render targets to support 1144x916 Format 10 NumSamples 1 (Frame:1).
[2021.05.23-19.10.17:305][ 61]BlueprintLog: New page: Compile BP_VRCharacter
[2021.05.23-19.10.17:684][ 61]LogUObjectHash: Compacting FUObjectHashTables data took   7.88ms
[2021.05.23-19.10.22:929][384]LogSlate: Window 'BP_VRCharacter' being destroyed
[2021.05.23-19.10.22:933][384]LogSlate: Window 'BP_VRCharacter' being destroyed
[2021.05.23-19.10.22:944][384]LogWorld: UWorld::CleanupWorld for World_5, bSessionEnded=true, bCleanupResources=true
[2021.05.23-19.10.22:945][384]LogSlate: InvalidateAllWidgets triggered.  All widgets were invalidated
[2021.05.23-19.10.26:452][751]LogAssetEditorSubsystem: Opening Asset editor for Blueprint /Game/Blueprints/BP_VRGameMode.BP_VRGameMode
[2021.05.23-19.10.29:217][960]LogSlate: Window 'BP_VRGameMode' being destroyed
[2021.05.23-19.10.29:225][960]LogWorld: UWorld::CleanupWorld for World_6, bSessionEnded=true, bCleanupResources=true
[2021.05.23-19.10.29:225][960]LogSlate: InvalidateAllWidgets triggered.  All widgets were invalidated
[2021.05.23-19.10.29:297][960]LogAssetEditorSubsystem: Opening Asset editor for Blueprint /Game/Blueprints/BP_VRGameMode.BP_VRGameMode
[2021.05.23-19.10.43:706][145]LogSlate: Window 'BP_VRGameMode' being destroyed
[2021.05.23-19.10.43:712][145]LogSlate: Window 'BP_VRGameMode' being destroyed
[2021.05.23-19.10.43:713][145]LogWorld: UWorld::CleanupWorld for World_7, bSessionEnded=true, bCleanupResources=true
[2021.05.23-19.10.43:713][145]LogSlate: InvalidateAllWidgets triggered.  All widgets were invalidated
[2021.05.23-19.10.49:050][756]LogAssetEditorSubsystem: Opening Asset editor for Blueprint /Game/Blueprints/BP_VRCharacter.BP_VRCharacter
[2021.05.23-20.16.24:195][140]Candidate modules for hot reload:
[2021.05.23-20.16.24:195][140]  ArchWalk
[2021.05.23-20.16.24:195][140]Launching UnrealBuildTool... [F:/UE_4.24/Engine/Binaries/DotNET/UnrealBuildTool.exe  -ModuleWithSuffix=ArchWalk,3319 Win64 Development -TargetType=Editor -Project="F:/_UEVR/UEVRSystem/ArchWalk/ArchWalk.uproject" "F:/_UEVR/UEVRSystem/ArchWalk/ArchWalk.uproject"  -IgnoreJunk]
[2021.05.23-20.16.24:560][140]Warning: Starting HotReload took  0.4s.
[2021.05.23-20.16.57:453][187]CompilerResultsLog: New page: Compilation - 23 May 2021, 22:16:57
[2021.05.23-20.16.57:453][187]CompilerResultsLog: Using 'git status' to determine working set for adaptive non-unity build (F:\_UEVR\UEVRSystem).
[2021.05.23-20.16.57:453][187]CompilerResultsLog: Parsing headers for ArchWalkEditor
[2021.05.23-20.16.57:453][187]CompilerResultsLog:   Running UnrealHeaderTool "F:\_UEVR\UEVRSystem\ArchWalk\ArchWalk.uproject" "F:\_UEVR\UEVRSystem\ArchWalk\Intermediate\Build\Win64\ArchWalkEditor\Development\ArchWalkEditor.uhtmanifest" -LogCmds="loginit warning, logexit warning, logdatabase error" -Unattended -WarningsAsErrors -installed
[2021.05.23-20.16.57:453][187]CompilerResultsLog: Reflection code generated for ArchWalkEditor in 11.8604763 seconds
[2021.05.23-20.16.57:453][187]CompilerResultsLog: Building ArchWalkEditor...
[2021.05.23-20.16.57:453][187]CompilerResultsLog: Using Visual Studio 2019 14.28.29915 toolchain (C:\Program Files (x86)\Microsoft Visual Studio\2019\Community\VC\Tools\MSVC\14.28.29910) and Windows 10.0.19041.0 SDK (C:\Program Files (x86)\Windows Kits\10).
[2021.05.23-20.16.57:453][187]CompilerResultsLog: Building 6 actions with 8 processes...
[2021.05.23-20.16.57:453][187]CompilerResultsLog:   [1/6] ArchWalk.init.gen.cpp
[2021.05.23-20.16.57:453][187]CompilerResultsLog:   [2/6] VRCharacter.gen.cpp
[2021.05.23-20.16.57:453][187]CompilerResultsLog:   [3/6] VRCharacter.cpp
[2021.05.23-20.16.57:453][187]CompilerResultsLog:   [4/6] UE4Editor-ArchWalk-3319.lib
[2021.05.23-20.16.57:453][187]CompilerResultsLog:      Creating library F:\_UEVR\UEVRSystem\ArchWalk\Intermediate\Build\Win64\UE4Editor\Development\ArchWalk\UE4Editor-ArchWalk-3319.lib and object F:\_UEVR\UEVRSystem\ArchWalk\Intermediate\Build\Win64\UE4Editor\Development\ArchWalk\UE4Editor-ArchWalk-3319.exp
[2021.05.23-20.16.57:453][187]CompilerResultsLog:   [5/6] UE4Editor-ArchWalk-3319.dll
[2021.05.23-20.16.57:453][187]CompilerResultsLog:      Creating library F:\_UEVR\UEVRSystem\ArchWalk\Intermediate\Build\Win64\UE4Editor\Development\ArchWalk\UE4Editor-ArchWalk-3319.suppressed.lib and object F:\_UEVR\UEVRSystem\ArchWalk\Intermediate\Build\Win64\UE4Editor\Development\ArchWalk\UE4Editor-ArchWalk-3319.suppressed.exp
[2021.05.23-20.16.57:453][187]CompilerResultsLog:   [6/6] ArchWalkEditor.target
[2021.05.23-20.16.57:453][187]CompilerResultsLog: Total time in Parallel executor: 18.46 seconds
[2021.05.23-20.16.57:453][187]CompilerResultsLog: Total execution time: 32.74 seconds
[2021.05.23-20.16.57:454][187]LogMainFrame: MainFrame: Module compiling took 33.264 seconds
[2021.05.23-20.16.57:533][187]LogUObjectHash: Compacting FUObjectHashTables data took   6.32ms
[2021.05.23-20.16.57:566][187]LogClass: Could not find existing class VRCharacter in package /Script/ArchWalk for HotReload, assuming new class
[2021.05.23-20.16.57:578][187]LogHotReload: Re-instancing VRCharacter after hot-reload.
[2021.05.23-20.16.58:096][187]LogContentBrowser: Native class hierarchy updated for 'ArchWalk' in 0.0004 seconds. Added 2 classes and 2 folders.
[2021.05.23-20.16.58:102][187]Display: HotReload successful (0 functions remapped  0 scriptstructs remapped)
[2021.05.23-20.16.58:257][187]LogUObjectHash: Compacting FUObjectHashTables data took   4.14ms
[2021.05.23-20.16.58:276][187]LogContentBrowser: Native class hierarchy populated in 0.0088 seconds. Added 3019 classes and 722 folders.
[2021.05.23-20.16.58:276][187]Display: HotReload took 34.1s.
[2021.05.23-20.27.31:350][962]Candidate modules for hot reload:
[2021.05.23-20.27.31:350][962]  ArchWalk
[2021.05.23-20.27.31:350][962]Launching UnrealBuildTool... [F:/UE_4.24/Engine/Binaries/DotNET/UnrealBuildTool.exe  -ModuleWithSuffix=ArchWalk,4393 Win64 Development -TargetType=Editor -Project="F:/_UEVR/UEVRSystem/ArchWalk/ArchWalk.uproject" "F:/_UEVR/UEVRSystem/ArchWalk/ArchWalk.uproject"  -IgnoreJunk]
[2021.05.23-20.27.31:352][962]Warning: Starting HotReload took  0.0s.
[2021.05.23-20.27.34:100][241]CompilerResultsLog: New page: Compilation - 23 May 2021, 22:27:34
[2021.05.23-20.27.34:100][241]CompilerResultsLog: Using 'git status' to determine working set for adaptive non-unity build (F:\_UEVR\UEVRSystem).
[2021.05.23-20.27.34:100][241]CompilerResultsLog: Building ArchWalkEditor...
[2021.05.23-20.27.34:100][241]CompilerResultsLog: Using Visual Studio 2019 14.28.29915 toolchain (C:\Program Files (x86)\Microsoft Visual Studio\2019\Community\VC\Tools\MSVC\14.28.29910) and Windows 10.0.19041.0 SDK (C:\Program Files (x86)\Windows Kits\10).
[2021.05.23-20.27.34:100][241]CompilerResultsLog: Building 3 actions with 8 processes...
[2021.05.23-20.27.34:100][241]CompilerResultsLog:   [1/3] UE4Editor-ArchWalk-4393.lib
[2021.05.23-20.27.34:100][241]CompilerResultsLog:      Creating library F:\_UEVR\UEVRSystem\ArchWalk\Intermediate\Build\Win64\UE4Editor\Development\ArchWalk\UE4Editor-ArchWalk-4393.lib and object F:\_UEVR\UEVRSystem\ArchWalk\Intermediate\Build\Win64\UE4Editor\Development\ArchWalk\UE4Editor-ArchWalk-4393.exp
[2021.05.23-20.27.34:100][241]CompilerResultsLog:   [2/3] UE4Editor-ArchWalk-4393.dll
[2021.05.23-20.27.34:100][241]CompilerResultsLog:      Creating library F:\_UEVR\UEVRSystem\ArchWalk\Intermediate\Build\Win64\UE4Editor\Development\ArchWalk\UE4Editor-ArchWalk-4393.suppressed.lib and object F:\_UEVR\UEVRSystem\ArchWalk\Intermediate\Build\Win64\UE4Editor\Development\ArchWalk\UE4Editor-ArchWalk-4393.suppressed.exp
[2021.05.23-20.27.34:100][241]CompilerResultsLog:   [3/3] ArchWalkEditor.target
[2021.05.23-20.27.34:100][241]CompilerResultsLog: Total time in Parallel executor: 1.29 seconds
[2021.05.23-20.27.34:100][241]CompilerResultsLog: Total execution time: 2.65 seconds
[2021.05.23-20.27.34:100][241]LogMainFrame: MainFrame: Module compiling took 2.755 seconds
[2021.05.23-20.27.34:165][241]LogUObjectHash: Compacting FUObjectHashTables data took   4.69ms
[2021.05.23-20.27.34:203][241]LogContentBrowser: Native class hierarchy updated for 'ArchWalk' in 0.0005 seconds. Added 2 classes and 2 folders.
[2021.05.23-20.27.34:211][241]Display: HotReload successful (0 functions remapped  0 scriptstructs remapped)
[2021.05.23-20.27.34:335][241]LogUObjectHash: Compacting FUObjectHashTables data took   3.41ms
[2021.05.23-20.27.34:351][241]LogContentBrowser: Native class hierarchy populated in 0.0089 seconds. Added 3019 classes and 722 folders.
[2021.05.23-20.27.34:351][241]Display: HotReload took  3.0s.
[2021.05.23-20.28.55:593][946]LogTemp: Repeating last play command: VR Preview
[2021.05.23-20.28.56:142][946]LogBlueprintUserMessages: Early PlayInEditor Detection: Level '/Game/MainSunTemple.MainSunTemple:PersistentLevel' has LevelScriptBlueprint '/Game/MainSunTemple.MainSunTemple:PersistentLevel.MainSunTemple' with GeneratedClass '/Game/MainSunTemple.MainSunTemple_C' with ClassGeneratedBy '/Game/MainSunTemple.MainSunTemple:PersistentLevel.MainSunTemple'
[2021.05.23-20.28.56:146][946]LogPlayLevel: PlayLevel: No blueprints needed recompiling
[2021.05.23-20.28.56:147][946]PIE: New page: PIE session: MainSunTemple (23 May 2021, 22:28:56)
[2021.05.23-20.28.56:156][946]LogOnline: OSS: Creating online subsystem instance for: NULL
[2021.05.23-20.28.56:157][946]LogOnline: OSS: TryLoadSubsystemAndSetDefault: Loaded subsystem for module [NULL]
[2021.05.23-20.28.56:158][946]LogPlayLevel: Creating play world package: /Game/UEDPIE_0_MainSunTemple
[2021.05.23-20.28.56:224][946]LogPlayLevel: PIE: StaticDuplicateObject took: (0.065450s)
[2021.05.23-20.28.56:226][946]LogAIModule: Creating AISystem for world MainSunTemple
[2021.05.23-20.28.56:227][946]LogPlayLevel: PIE: World Init took: (0.002370s)
[2021.05.23-20.28.56:227][946]LogPlayLevel: PIE: Created PIE world by copying editor world from /Game/MainSunTemple.MainSunTemple to /Game/UEDPIE_0_MainSunTemple.MainSunTemple (0.068581s)
[2021.05.23-20.28.56:315][946]LogUObjectHash: Compacting FUObjectHashTables data took   5.26ms
[2021.05.23-20.28.56:318][946]LogAudioMixer: Display: Audio Mixer Platform Settings:
[2021.05.23-20.28.56:318][946]LogAudioMixer: Display: 	Sample Rate:						  48000
[2021.05.23-20.28.56:318][946]LogAudioMixer: Display: 	Callback Buffer Frame Size Requested: 1024
[2021.05.23-20.28.56:318][946]LogAudioMixer: Display: 	Callback Buffer Frame Size To Use:	  1024
[2021.05.23-20.28.56:318][946]LogAudioMixer: Display: 	Number of buffers to queue:			  2
[2021.05.23-20.28.56:318][946]LogAudioMixer: Display: 	Max Channels (voices):				  32
[2021.05.23-20.28.56:318][946]LogAudioMixer: Display: 	Number of Async Source Workers:		  0
[2021.05.23-20.28.56:318][946]LogAudio: Display: AudioDevice MaxSources: 32
[2021.05.23-20.28.56:319][946]LogAudio: Display: Using built-in audio occlusion.
[2021.05.23-20.28.56:319][946]LogAudioMixer: Display: Initializing audio mixer.
[2021.05.23-20.28.56:364][946]LogAudioMixer: Display: Audio Device Output Speaker Info:
[2021.05.23-20.28.56:364][946]LogAudioMixer: Display: Name: Headphones (High Definition Audio Device)
[2021.05.23-20.28.56:364][946]LogAudioMixer: Display: Is Default: Yes
[2021.05.23-20.28.56:364][946]LogAudioMixer: Display: Sample Rate: 48000
[2021.05.23-20.28.56:364][946]LogAudioMixer: Display: Channel Count Used: 2
[2021.05.23-20.28.56:364][946]LogAudioMixer: Display: Device Channel Count: 2
[2021.05.23-20.28.56:364][946]LogAudioMixer: Display: Channel Order:
[2021.05.23-20.28.56:364][946]LogAudioMixer: Display: 0: FrontLeft
[2021.05.23-20.28.56:364][946]LogAudioMixer: Display: 1: FrontRight
[2021.05.23-20.28.56:377][946]LogAudioMixer: Display: Using Audio Device Headphones (High Definition Audio Device)
[2021.05.23-20.28.56:379][946]LogInit: FAudioDevice initialized.
[2021.05.23-20.28.56:393][946]LogSlate: Updating window title bar state: overlay mode, drag disabled, window buttons hidden, title bar hidden
[2021.05.23-20.29.00:384][946]LogHMD: SteamVR initialized.  Driver: lighthouse  Display: LHR-CAF553DC
[2021.05.23-20.29.00:435][946]LogLoad: Game class is 'BP_VRGameMode_C'
[2021.05.23-20.29.00:470][946]LogWorld: Bringing World /Game/UEDPIE_0_MainSunTemple.MainSunTemple up for play (max tick rate 0) at 2021.05.23-21.29.00
[2021.05.23-20.29.00:472][946]LogWorld: Bringing up level for play took: 0.027996
[2021.05.23-20.29.00:473][946]LogOnline: OSS: Creating online subsystem instance for: :Context_10
[2021.05.23-20.29.00:506][946]LogContentBrowser: Native class hierarchy updated for 'MovieSceneCapture' in 0.0005 seconds. Added 20 classes and 0 folders.
[2021.05.23-20.29.00:507][946]LogGameMode: Display: Match State Changed from EnteringMap to WaitingToStart
[2021.05.23-20.29.00:507][946]LogGameState: Match State Changed from EnteringMap to WaitingToStart
[2021.05.23-20.29.00:507][946]LogGameMode: Display: Match State Changed from WaitingToStart to InProgress
[2021.05.23-20.29.00:516][946]LogGameState: Match State Changed from WaitingToStart to InProgress
[2021.05.23-20.29.00:523][946]PIE: Play in editor start time for /Game/UEDPIE_0_MainSunTemple 5.334
[2021.05.23-20.29.00:524][946]LogBlueprintUserMessages: Late PlayInEditor Detection: Level '/Game/MainSunTemple.MainSunTemple:PersistentLevel' has LevelScriptBlueprint '/Game/MainSunTemple.MainSunTemple:PersistentLevel.MainSunTemple' with GeneratedClass '/Game/MainSunTemple.MainSunTemple_C' with ClassGeneratedBy '/Game/MainSunTemple.MainSunTemple:PersistentLevel.MainSunTemple'
[2021.05.23-20.29.00:632][947]LogSteamVRInputDevice: Display: SteamVR runtime 1.5.17 loaded.
[2021.05.23-20.29.00:632][947]LogSteamVRInputDevice: Display: Action Manifest Path: ../../../../_UEVR/UEVRSystem/ArchWalk/Config/SteamVRBindings/steamvr_manifest.json
[2021.05.23-20.29.00:632][947]LogSteamVRInputDevice: Display: Controller Bindings Path: ../../../../_UEVR/UEVRSystem/ArchWalk/Config/SteamVRBindings
[2021.05.23-20.29.00:633][947]LogSteamVRInputDevice: Searching for Controller Bindings files at: ../../../../_UEVR/UEVRSystem/ArchWalk/Config/SteamVRBindings
[2021.05.23-20.29.00:644][947]LogSteamVRInputDevice: Display: [STEAMVR INPUT] Registering Application Manifest ../../../../_UEVR/UEVRSystem/ArchWalk/Config/steamvr_ue_editor_app.json : VRApplicationError_None
[2021.05.23-20.29.00:646][947]LogSteamVRInputDevice: Display: [STEAMVR INPUT] Editor Application [14208][application.generated.ue.archwalk-11590370.ue4editor.exe] identified to SteamVR: VRApplicationError_None
[2021.05.23-20.29.00:646][947]LogSteamVRInputDevice: Display: [STEAMVR INPUT] Trying to load Action Manifest from: F:/_UEVR/UEVRSystem/ArchWalk/Config/SteamVRBindings/steamvr_manifest.json
[2021.05.23-20.29.00:647][947]LogSteamVRInputDevice: Display: [STEAMVR INPUT] Setting Action Manifest Path Result: Success
[2021.05.23-20.29.00:647][947]LogSteamVRInputDevice: Display: [STEAMVR INPUT] Setting main action set: Success
[2021.05.23-20.29.00:648][947]LogSteamVRInputDevice: Display: Retrieving Action Handle: /actions/main/in/controllerleft
[2021.05.23-20.29.00:648][947]LogSteamVRInputDevice: Display: [STEAMVR INPUT] Setting Action Handle Path Result: Success
[2021.05.23-20.29.00:648][947]LogSteamVRInputDevice: Display: Retrieving Action Handle: /actions/main/in/controllerright
[2021.05.23-20.29.00:648][947]LogSteamVRInputDevice: Display: [STEAMVR INPUT] Setting Action Handle Path Result: Success
[2021.05.23-20.29.00:648][947]LogSteamVRInputDevice: Display: Retrieving Action Handle: /actions/main/in/special1
[2021.05.23-20.29.00:648][947]LogSteamVRInputDevice: Display: [STEAMVR INPUT] Setting Action Handle Path Result: Success
[2021.05.23-20.29.00:648][947]LogSteamVRInputDevice: Display: Retrieving Action Handle: /actions/main/in/special2
[2021.05.23-20.29.00:648][947]LogSteamVRInputDevice: Display: [STEAMVR INPUT] Setting Action Handle Path Result: Success
[2021.05.23-20.29.00:649][947]LogSteamVRInputDevice: Display: Retrieving Action Handle: /actions/main/in/special3
[2021.05.23-20.29.00:649][947]LogSteamVRInputDevice: Display: [STEAMVR INPUT] Setting Action Handle Path Result: Success
[2021.05.23-20.29.00:649][947]LogSteamVRInputDevice: Display: Retrieving Action Handle: /actions/main/in/special4
[2021.05.23-20.29.00:649][947]LogSteamVRInputDevice: Display: [STEAMVR INPUT] Setting Action Handle Path Result: Success
[2021.05.23-20.29.00:649][947]LogSteamVRInputDevice: Display: Retrieving Action Handle: /actions/main/in/special5
[2021.05.23-20.29.00:649][947]LogSteamVRInputDevice: Display: [STEAMVR INPUT] Setting Action Handle Path Result: Success
[2021.05.23-20.29.00:649][947]LogSteamVRInputDevice: Display: Retrieving Action Handle: /actions/main/in/special6
[2021.05.23-20.29.00:649][947]LogSteamVRInputDevice: Display: [STEAMVR INPUT] Setting Action Handle Path Result: Success
[2021.05.23-20.29.00:649][947]LogSteamVRInputDevice: Display: Retrieving Action Handle: /actions/main/in/special7
[2021.05.23-20.29.00:649][947]LogSteamVRInputDevice: Display: [STEAMVR INPUT] Setting Action Handle Path Result: Success
[2021.05.23-20.29.00:649][947]LogSteamVRInputDevice: Display: Retrieving Action Handle: /actions/main/in/special8
[2021.05.23-20.29.00:649][947]LogSteamVRInputDevice: Display: [STEAMVR INPUT] Setting Action Handle Path Result: Success
[2021.05.23-20.29.00:649][947]LogSteamVRInputDevice: Display: Retrieving Action Handle: /actions/main/in/skeletonleft
[2021.05.23-20.29.00:649][947]LogSteamVRInputDevice: Display: [STEAMVR INPUT] Setting Action Handle Path Result: Success
[2021.05.23-20.29.00:649][947]LogSteamVRInputDevice: Display: Retrieving Action Handle: /actions/main/in/skeletonright
[2021.05.23-20.29.00:649][947]LogSteamVRInputDevice: Display: [STEAMVR INPUT] Setting Action Handle Path Result: Success
[2021.05.23-20.29.00:650][947]LogSteamVRInputDevice: Display: Retrieving Action Handle: /actions/main/out/vibrateleft
[2021.05.23-20.29.00:650][947]LogSteamVRInputDevice: Display: [STEAMVR INPUT] Setting Action Handle Path Result: Success
[2021.05.23-20.29.00:650][947]LogSteamVRInputDevice: Display: Retrieving Action Handle: /actions/main/out/vibrateright
[2021.05.23-20.29.00:650][947]LogSteamVRInputDevice: Display: [STEAMVR INPUT] Setting Action Handle Path Result: Success
[2021.05.23-20.29.00:650][947]LogSteamVRInputDevice: Display: Retrieving Action Handle: /actions/main/in/open_console
[2021.05.23-20.29.00:650][947]LogSteamVRInputDevice: Display: [STEAMVR INPUT] Setting Action Handle Path Result: Success
[2021.05.23-20.29.00:650][947]LogSteamVRInputDevice: Display: Retrieving Action Handle: /actions/main/in/Teleport
[2021.05.23-20.29.00:650][947]LogSteamVRInputDevice: Display: [STEAMVR INPUT] Setting Action Handle Path Result: Success
[2021.05.23-20.29.00:650][947]LogSteamVRInputDevice: Display: Retrieving Action Handle: /actions/main/in/Teleport
[2021.05.23-20.29.00:650][947]LogSteamVRInputDevice: Display: [STEAMVR INPUT] Setting Action Handle Path Result: Success
[2021.05.23-20.29.01:062][948]LogRenderer: Reallocating scene render targets to support 3024x1680 Format 10 NumSamples 1 (Frame:1).
[2021.05.23-20.30.38:450][288]LogAudioMixer: Display: No commands were queued while flushing the source manager.
[2021.05.23-20.30.38:451][288]LogAudioMixer: Display: Flush succeeded in the source manager command queue (1).
[2021.05.23-20.30.38:481][288]LogAudioMixer: Display: Flush succeeded the source manager command queue (2).
[2021.05.23-20.30.38:482][288]LogBlueprintUserMessages: Early EndPlayMap Detection: Level '/Game/MainSunTemple.MainSunTemple:PersistentLevel' has LevelScriptBlueprint '/Game/MainSunTemple.MainSunTemple:PersistentLevel.MainSunTemple' with GeneratedClass '/Game/MainSunTemple.MainSunTemple_C' with ClassGeneratedBy '/Game/MainSunTemple.MainSunTemple:PersistentLevel.MainSunTemple'
[2021.05.23-20.30.38:514][288]LogSlate: Updating window title bar state: overlay mode, drag disabled, window buttons hidden, title bar hidden
[2021.05.23-20.30.38:514][288]LogWorld: BeginTearingDown for /Game/UEDPIE_0_MainSunTemple
[2021.05.23-20.30.38:587][288]LogSlate: Window 'ArchWalk Game Preview Standalone (64-bit/PCD3D_SM5)' being destroyed
[2021.05.23-20.30.38:589][288]LogAudioMixer: Display: No commands were queued while flushing the source manager.
[2021.05.23-20.30.38:590][288]LogWorld: UWorld::CleanupWorld for MainSunTemple, bSessionEnded=true, bCleanupResources=true
[2021.05.23-20.30.38:594][288]LogSlate: InvalidateAllWidgets triggered.  All widgets were invalidated
[2021.05.23-20.30.38:598][288]LogPlayLevel: Display: Shutting down PIE online subsystems
[2021.05.23-20.30.38:599][288]LogBlueprintUserMessages: Late EndPlayMap Detection: Level '/Game/MainSunTemple.MainSunTemple:PersistentLevel' has LevelScriptBlueprint '/Game/MainSunTemple.MainSunTemple:PersistentLevel.MainSunTemple' with GeneratedClass '/Game/MainSunTemple.MainSunTemple_C' with ClassGeneratedBy '/Game/MainSunTemple.MainSunTemple:PersistentLevel.MainSunTemple'
[2021.05.23-20.30.38:606][288]LogSlate: InvalidateAllWidgets triggered.  All widgets were invalidated
[2021.05.23-20.30.38:644][288]LogAudioMixer: Display: No commands were queued while flushing the source manager.
[2021.05.23-20.30.38:682][288]LogUObjectHash: Compacting FUObjectHashTables data took   5.40ms
[2021.05.23-20.30.38:706][289]LogPlayLevel: Display: Destroying online subsystem :Context_10
